{"meta": {"version": "7.3.4", "timestamp": "2026-01-30T21:52:26.265926", "branch_coverage": true, "show_contexts": false}, "files": {"tactus-ide/backend/assistant_service.py": {"executed_lines": [1, 8, 9, 10, 11, 14, 17, 22, 24, 27, 28, 37, 45, 46, 47, 48, 49, 50, 51, 52, 54, 56, 58, 68, 71, 72, 73, 74, 77, 78, 79, 82, 84, 86, 89, 90, 91, 92, 93, 94, 96, 135, 147, 148, 154, 155, 157, 167, 168, 169, 170, 171, 172, 173, 174, 177, 179, 182, 185, 186, 191, 198, 200, 202, 208, 222, 223, 224, 226, 227, 228, 229, 230, 233, 236, 239, 240, 241, 242, 243, 244, 245, 246, 247, 250, 251, 253, 255, 257, 259, 260, 262, 263, 265, 267, 272, 273, 274, 276, 278, 279, 280, 283, 284, 286, 287, 288, 289, 290, 291, 292, 294, 295, 298, 305, 307, 308, 310, 311, 313, 314, 315, 316, 317, 319, 321, 323, 324, 325, 326, 329, 330, 333, 338, 340, 343, 344, 345, 347, 348, 350, 352, 358, 360, 361, 367, 368, 369, 372, 373, 376, 377, 378, 379, 380, 381, 382, 383, 385, 388, 389, 390, 392, 393, 394, 397, 398, 400, 402, 403, 404, 406, 416, 418, 424, 434, 436, 443, 444], "summary": {"covered_lines": 177, "num_statements": 177, "percent_covered": 100.0, "percent_covered_display": "100.0", "missing_lines": 0, "excluded_lines": 0, "num_branches": 52, "num_partial_branches": 0, "covered_branches": 52, "missing_branches": 0}, "missing_lines": [], "excluded_lines": [], "executed_branches": [[78, 79], [78, 82], [82, 84], [82, 86], [169, 170], [169, 171], [222, 223], [222, 226], [240, 241], [240, 247], [242, 243], [242, 246], [265, 267], [265, 315], [265, 319], [276, 278], [276, 292], [279, 280], [279, 283], [284, 286], [284, 290], [287, 288], [287, 289], [305, 265], [305, 307], [307, 308], [307, 310], [310, 311], [310, 313], [313, 305], [313, 314], [347, 348], [347, 350], [350, 352], [350, 358], [358, 343], [358, 360], [372, 373], [372, 376], [376, 377], [376, 397], [378, 379], [378, 380], [380, 381], [380, 382], [382, 383], [382, 385], [388, 389], [388, 390], [392, 393], [392, 397], [397, 398], [397, 400]], "missing_branches": []}, "tactus-ide/backend/assistant_tools.py": {"executed_lines": [1, 8, 9, 10, 11, 12, 14, 17, 18, 20, 23, 24, 26, 29, 43, 46, 47, 49, 52, 53, 54, 55, 57, 60, 75, 76, 78, 79, 81, 82, 84, 85, 87, 88, 90, 91, 92, 93, 96, 111, 112, 114, 115, 117, 118, 120, 121, 122, 123, 124, 132, 133, 134, 136, 137, 139, 140, 141, 142, 145, 161, 162, 164, 165, 167, 168, 170, 171, 172, 173, 174, 176, 177, 179, 180, 181, 182, 185, 201, 202, 205, 208, 211, 212, 214, 216, 217, 219, 221, 222, 223, 224, 227, 244, 245, 247, 248, 250, 251, 254, 255, 258, 259, 262, 263, 266, 267, 269, 271, 273, 274, 275, 276, 279, 294, 295, 297, 298, 300, 301, 303, 305, 307, 309, 310, 311, 312, 315, 331, 332, 333, 335, 336, 338, 339, 342, 344, 346, 348, 350, 351, 352, 353, 356, 372, 373, 374, 376, 377, 379, 380, 382, 383, 386, 388, 390, 392, 394, 395, 396, 397], "summary": {"covered_lines": 158, "num_statements": 158, "percent_covered": 100.0, "percent_covered_display": "100.0", "missing_lines": 0, "excluded_lines": 0, "num_branches": 64, "num_partial_branches": 0, "covered_branches": 64, "missing_branches": 0}, "missing_lines": [], "excluded_lines": [], "executed_branches": [[46, 47], [46, 49], [78, 79], [78, 81], [81, 82], [81, 84], [84, 85], [84, 87], [90, 91], [90, 92], [114, 115], [114, 117], [117, 118], [117, 120], [121, 122], [121, 136], [139, 140], [139, 141], [164, 165], [164, 167], [167, 168], [167, 170], [171, 172], [171, 176], [171, 179], [172, 171], [172, 173], [179, 180], [179, 181], [211, 212], [211, 214], [211, 221], [221, 222], [221, 223], [247, 248], [247, 250], [250, 251], [250, 254], [254, 255], [254, 258], [258, 259], [258, 262], [266, 267], [266, 269], [273, 274], [273, 275], [297, 298], [297, 300], [300, 301], [300, 303], [309, 310], [309, 311], [335, 336], [335, 338], [338, 339], [338, 342], [350, 351], [350, 352], [376, 377], [376, 379], [379, 380], [379, 382], [382, 383], [382, 386], [394, 395], [394, 396]], "missing_branches": []}, "tactus-ide/backend/chat_server.py": {"executed_lines": [1, 7, 8, 9, 10, 11, 13, 15, 18, 21, 24, 28, 31, 32, 34, 37, 38, 58, 59, 60, 61, 63, 64, 67, 70, 73, 74, 75, 76, 79, 81, 83, 84, 85, 88, 89, 107, 108, 109, 110, 112, 113, 116, 117, 118, 121, 122, 124, 126, 127, 128, 130, 131, 133, 135, 136, 137, 140, 141, 160, 162, 163, 164, 165, 166, 168, 169, 172, 173, 175, 177, 178, 180, 182, 185, 188, 191, 192, 193, 194, 195, 196, 198, 199, 200, 202, 204, 214, 215, 216, 219, 220, 234, 235, 236, 237, 240, 241, 242, 243, 245, 247, 248, 249, 252, 253, 270, 271, 272, 273, 275, 276, 279, 282, 283, 284, 285, 288, 290, 292, 293, 294, 297, 298, 308, 309, 310, 311, 314, 315, 316, 317, 320, 322, 324, 325, 326, 329, 331, 333, 334, 335, 337, 338, 339], "summary": {"covered_lines": 144, "num_statements": 144, "percent_covered": 100.0, "percent_covered_display": "100.0", "missing_lines": 0, "excluded_lines": 0, "num_branches": 30, "num_partial_branches": 0, "covered_branches": 30, "missing_branches": 0}, "missing_lines": [], "excluded_lines": [], "executed_branches": [[32, 31], [32, 37], [38, 37], [38, 88], [63, 64], [63, 67], [89, 88], [89, 140], [112, 113], [112, 116], [117, 118], [117, 121], [127, -126], [127, 128], [141, 140], [141, 219], [168, 169], [168, 172], [220, 219], [220, 252], [236, 237], [236, 240], [253, 252], [253, 297], [275, 276], [275, 279], [298, 297], [298, 329], [310, 311], [310, 314]], "missing_branches": []}, "tactus-ide/backend/config_server.py": {"executed_lines": [1, 8, 9, 10, 11, 12, 13, 15, 17, 20, 30, 32, 34, 35, 36, 37, 38, 39, 40, 41, 42, 45, 47, 48, 50, 53, 63, 64, 66, 67, 68, 69, 70, 71, 72, 75, 85, 88, 89, 90, 91, 94, 95, 104, 107, 108, 123, 124, 127, 131, 134, 137, 140, 143, 144, 147, 148, 149, 150, 152, 153, 154, 155, 156, 159, 160, 161, 163, 164, 167, 168, 171, 177, 197, 198, 199, 202, 203, 217, 218, 220, 221, 223, 224, 225, 227, 228, 230, 231, 234, 235, 236, 237, 239, 242, 244, 246, 247, 248, 251, 252, 274, 275, 277, 279, 280, 282, 283, 285, 286, 288, 289, 292, 293, 294, 297, 298, 300, 301, 303, 304, 307, 309, 310, 311, 312, 313, 314, 317, 318, 321, 322, 326, 329, 330, 331, 332, 333, 334, 337, 338, 341, 342, 345, 346, 349, 350, 352, 353, 355, 363, 364, 365, 368, 377, 378, 381, 382, 383, 384, 386, 387, 390, 393, 394, 406, 407, 409, 410, 412, 414, 415, 417, 418, 421, 422, 423, 427, 428, 429, 433, 434, 435, 436, 439, 440, 441, 442, 444, 452, 453, 454, 457, 464, 465], "summary": {"covered_lines": 194, "num_statements": 194, "percent_covered": 100.0, "percent_covered_display": "100.0", "missing_lines": 0, "excluded_lines": 0, "num_branches": 90, "num_partial_branches": 0, "covered_branches": 90, "missing_branches": 0}, "missing_lines": [], "excluded_lines": [], "executed_branches": [[34, 35], [34, 39], [35, -32], [35, 36], [39, -32], [39, 40], [40, -32], [40, 41], [45, 47], [45, 50], [63, 64], [63, 66], [67, -53], [67, 68], [67, 70], [88, 89], [88, 94], [94, 95], [94, 104], [108, 107], [108, 202], [140, -140], [140, 140], [140, 143], [147, 148], [147, 160], [149, 150], [149, 159], [160, 161], [160, 163], [203, 202], [203, 251], [220, 221], [220, 223], [227, 228], [227, 230], [230, 231], [230, 234], [234, 235], [234, 236], [236, 237], [236, 239], [252, 251], [252, 368], [279, 280], [279, 282], [285, 286], [285, 288], [288, 289], [288, 292], [307, 309], [307, 349], [309, 310], [309, 312], [312, 313], [312, 317], [317, 318], [317, 341], [321, 322], [321, 329], [329, 330], [329, 332], [332, 333], [332, 337], [349, -349], [349, 349], [349, 350], [349, 352], [352, -352], [352, 352], [352, 353], [352, 355], [381, 382], [381, 390], [382, 383], [382, 384], [384, 386], [384, 387], [394, 393], [394, 457], [409, 410], [409, 412], [414, 415], [414, 417], [421, 422], [421, 427], [427, 428], [427, 433], [428, 429], [428, 433], [433, 434], [433, 439], [435, 436], [435, 439]], "missing_branches": []}, "tactus-ide/backend/events.py": {"executed_lines": [1, 8, 9, 10, 13, 18, 19, 21, 22, 23, 26, 27, 29, 30, 31, 32, 33, 36, 37, 39, 40, 43, 44, 47, 48, 50, 51, 52, 55, 56, 58, 59, 60, 65, 66, 68, 69], "summary": {"covered_lines": 30, "num_statements": 30, "percent_covered": 100.0, "percent_covered_display": "100.0", "missing_lines": 0, "excluded_lines": 0, "num_branches": 0, "num_partial_branches": 0, "covered_branches": 0, "missing_branches": 0}, "missing_lines": [], "excluded_lines": [], "executed_branches": [], "missing_branches": []}, "tactus-ide/backend/logging_capture.py": {"executed_lines": [1, 7, 8, 9, 10, 11, 12, 13, 15, 18, 19, 26, 34, 35, 36, 38, 45, 47, 50, 53, 54, 57, 67, 69, 71, 73, 87, 88, 90, 91, 92, 93, 94, 95, 97, 99, 110, 111, 112, 115, 116, 123, 131, 132, 133, 134, 135, 136, 138, 140, 141, 142, 145, 146, 149, 150, 153, 154, 156, 158, 159, 160, 161, 162, 164, 174, 177, 178, 179, 180, 181, 182, 184, 186, 188, 189, 191, 193], "summary": {"covered_lines": 75, "num_statements": 75, "percent_covered": 100.0, "percent_covered_display": "100.0", "missing_lines": 0, "excluded_lines": 0, "num_branches": 12, "num_partial_branches": 0, "covered_branches": 12, "missing_branches": 0}, "missing_lines": [], "excluded_lines": [], "executed_branches": [[53, 54], [53, 57], [90, 91], [90, 97], [140, -138], [140, 141], [141, 142], [141, 145], [158, -156], [158, 159], [159, 158], [159, 160]], "missing_branches": []}, "tactus-ide/backend/lsp_server.py": {"executed_lines": [1, 8, 9, 10, 12, 15, 16, 23, 24, 25, 26, 28, 38, 39, 40, 42, 43, 44, 45, 46, 47, 48, 49, 50, 51, 52, 53, 54, 55, 56, 58, 59, 61, 62, 63, 64, 65, 67, 69, 70, 72, 73, 74, 75, 76, 77, 79, 81, 82, 84, 105, 107, 108, 109, 111, 113, 114, 116, 118, 119, 120, 122, 124, 125, 127, 128, 130, 132, 133, 135, 136, 138, 140, 141, 142, 144, 145, 146, 148, 150, 152, 153, 154, 156, 157, 158, 160, 162, 164, 165, 166, 168, 169, 170, 172, 174, 183, 185, 187], "summary": {"covered_lines": 97, "num_statements": 97, "percent_covered": 100.0, "percent_covered_display": "100.0", "missing_lines": 0, "excluded_lines": 0, "num_branches": 34, "num_partial_branches": 0, "covered_branches": 34, "missing_branches": 0}, "missing_lines": [], "excluded_lines": [], "executed_branches": [[43, 44], [43, 45], [45, 46], [45, 48], [48, 49], [48, 51], [51, 52], [51, 53], [53, 54], [53, 55], [55, 56], [55, 58], [61, -28], [61, 62], [72, 73], [72, 74], [74, 75], [74, 76], [76, -67], [76, 77], [111, -105], [111, 113], [122, -116], [122, 124], [125, -116], [125, 127], [135, -130], [135, 136], [144, 145], [144, 148], [156, 157], [156, 160], [168, 169], [168, 172]], "missing_branches": []}, "tactus-ide/backend/tactus_lsp_handler.py": {"executed_lines": [1, 8, 9, 10, 11, 13, 16, 17, 24, 25, 26, 27, 29, 46, 48, 50, 53, 54, 57, 58, 59, 60, 61, 63, 64, 65, 66, 68, 69, 70, 71, 73, 90, 93, 130, 133, 134, 137, 138, 147, 149, 165, 166, 168, 173, 175, 176, 177, 178, 180, 181, 182, 183, 184, 186, 187, 188, 189, 190, 192, 193, 195, 197, 213, 249, 251, 253, 254, 256, 270, 272, 275, 276, 278, 279, 281, 283], "summary": {"covered_lines": 75, "num_statements": 75, "percent_covered": 100.0, "percent_covered_display": "100.0", "missing_lines": 0, "excluded_lines": 0, "num_branches": 32, "num_partial_branches": 0, "covered_branches": 32, "missing_branches": 0}, "missing_lines": [], "excluded_lines": [], "executed_branches": [[53, 54], [53, 57], [58, 59], [58, 63], [60, 58], [60, 61], [63, 64], [63, 68], [65, 63], [65, 66], [133, 134], [133, 147], [137, 138], [137, 147], [165, 166], [165, 168], [175, 176], [175, 180], [177, 178], [177, 180], [180, 181], [180, 186], [182, 183], [182, 186], [186, 187], [186, 192], [188, 189], [188, 192], [192, 193], [192, 195], [275, 276], [275, 281]], "missing_branches": []}, "tactus-ide/backend/text_editor_tool.py": {"executed_lines": [1, 8, 10, 13, 31, 32, 34, 35, 37, 38, 41, 42, 45, 46, 48, 49, 50, 52, 55, 56, 57, 58, 60, 61, 63, 66, 67, 69, 70, 72, 74, 75, 76, 77, 80, 96, 97, 99, 100, 102, 103, 106, 107, 108, 109, 110, 112, 113, 114, 115, 117, 119, 120, 122, 124, 125, 126, 127, 130, 152, 153, 154, 156, 157, 158, 159, 160, 161, 163, 165, 167, 168, 169, 170, 171, 172], "summary": {"covered_lines": 75, "num_statements": 75, "percent_covered": 100.0, "percent_covered_display": "100.0", "missing_lines": 0, "excluded_lines": 0, "num_branches": 42, "num_partial_branches": 0, "covered_branches": 42, "missing_branches": 0}, "missing_lines": [], "excluded_lines": [], "executed_branches": [[34, 35], [34, 37], [37, 38], [37, 41], [41, 42], [41, 45], [41, 74], [45, 46], [45, 63], [49, 50], [49, 52], [55, 56], [55, 57], [57, 58], [57, 60], [67, 69], [67, 72], [74, 75], [74, 76], [99, 100], [99, 102], [102, 103], [102, 106], [107, 108], [107, 119], [109, 110], [109, 112], [109, 115], [119, 120], [119, 122], [124, 125], [124, 126], [153, 154], [153, 165], [156, 157], [156, 158], [158, 159], [158, 163], [159, 160], [159, 161], [167, 168], [167, 169], [169, 170], [169, 171]], "missing_branches": []}, "tactus/__init__.py": {"executed_lines": [1, 8, 11, 12, 21, 22, 23, 24, 25, 27], "summary": {"covered_lines": 9, "num_statements": 9, "percent_covered": 100.0, "percent_covered_display": "100.0", "missing_lines": 0, "excluded_lines": 0, "num_branches": 0, "num_partial_branches": 0, "covered_branches": 0, "missing_branches": 0}, "missing_lines": [], "excluded_lines": [], "executed_branches": [], "missing_branches": []}, "tactus/adapters/__init__.py": {"executed_lines": [1, 5, 6, 9, 12, 13, 14, 16], "summary": {"covered_lines": 7, "num_statements": 7, "percent_covered": 100.0, "percent_covered_display": "100.0", "missing_lines": 0, "excluded_lines": 0, "num_branches": 0, "num_partial_branches": 0, "covered_branches": 0, "missing_branches": 0}, "missing_lines": [], "excluded_lines": [], "executed_branches": [], "missing_branches": []}, "tactus/adapters/broker_log.py": {"executed_lines": [1, 8, 10, 11, 12, 13, 14, 15, 17, 19, 22, 23, 33, 34, 35, 38, 41, 42, 43, 44, 46, 47, 49, 51, 52, 54, 55, 56, 57, 59, 61, 62, 63, 68, 69, 70, 72, 79, 82, 83, 84, 86, 87, 88, 90, 93, 94, 96, 97, 98, 100, 101, 102, 103, 104, 106, 107, 109, 117, 118, 121, 124, 125, 128, 129, 130, 133, 136, 137, 138, 140, 142, 149, 150, 153, 154, 155, 157, 158, 159, 161, 162, 163, 166, 169, 170, 171, 172], "summary": {"covered_lines": 86, "num_statements": 86, "percent_covered": 100.0, "percent_covered_display": "100.0", "missing_lines": 0, "excluded_lines": 0, "num_branches": 28, "num_partial_branches": 0, "covered_branches": 28, "missing_branches": 0}, "missing_lines": [], "excluded_lines": [], "executed_branches": [[47, 46], [47, 51], [52, 51], [52, 59], [55, 56], [55, 57], [61, -59], [61, 62], [62, 61], [62, 63], [87, 88], [87, 106], [96, 97], [96, 98], [117, 118], [117, 121], [128, 129], [128, 130], [149, 150], [149, 153], [157, 158], [157, 161], [161, 162], [161, 166], [169, -142], [169, 170], [171, -142], [171, 172]], "missing_branches": []}, "tactus/adapters/channels/__init__.py": {"executed_lines": [1, 16, 17, 18, 20, 22, 26, 34, 45, 46, 47, 49, 50, 52, 53, 55, 56, 57, 58, 59, 64, 65, 66, 67, 70, 86, 88, 89, 92, 93, 96, 97, 98, 99, 100, 102, 103, 106, 107, 108, 109, 110, 113, 114, 116, 119, 133, 136, 137, 139, 140, 143, 145, 146, 148, 151], "summary": {"covered_lines": 55, "num_statements": 55, "percent_covered": 100.0, "percent_covered_display": "100.0", "missing_lines": 0, "excluded_lines": 0, "num_branches": 24, "num_partial_branches": 0, "covered_branches": 24, "missing_branches": 0}, "missing_lines": [], "excluded_lines": [], "executed_branches": [[45, 46], [45, 49], [58, 59], [58, 65], [88, 89], [88, 92], [92, 93], [92, 113], [96, 97], [96, 102], [97, 98], [97, 99], [99, 100], [99, 102], [102, 103], [102, 106], [106, -106], [106, 106], [106, 107], [108, 92], [108, 109], [113, 114], [113, 116], [136, 137], [136, 143]], "missing_branches": []}, "tactus/adapters/channels/base.py": {"executed_lines": [1, 9, 10, 11, 12, 14, 21, 24, 25, 55, 57, 58, 60, 61, 62, 66, 67, 68, 72, 78, 79, 81, 82, 96, 108, 109, 111, 115, 120, 121, 122, 123, 124, 126, 137, 144, 151, 152, 154, 166, 167, 168, 169, 171, 183], "summary": {"covered_lines": 37, "num_statements": 37, "percent_covered": 100.0, "percent_covered_display": "100.0", "missing_lines": 0, "excluded_lines": 12, "num_branches": 4, "num_partial_branches": 0, "covered_branches": 4, "missing_branches": 0}, "missing_lines": [], "excluded_lines": [61, 62, 63, 64, 67, 68, 69, 70, 81, 82, 83, 94], "executed_branches": [[108, -96], [108, 109], [121, 122], [121, 123]], "missing_branches": []}, "tactus/adapters/channels/broker.py": {"executed_lines": [1, 8, 9, 10, 11, 13, 14, 21, 24, 25, 40, 47, 48, 50, 51, 53, 55, 56, 57, 59, 60, 62, 74, 76, 78, 80, 87, 93, 95, 98, 99, 101, 103, 108, 110, 112, 113, 121, 126, 127, 129, 131, 136, 143, 144, 146, 148, 149, 150, 156, 158, 165, 166, 172, 180, 181, 191, 192, 193, 195, 196, 198, 199, 203, 204, 205, 209], "summary": {"covered_lines": 65, "num_statements": 65, "percent_covered": 100.0, "percent_covered_display": "100.0", "missing_lines": 0, "excluded_lines": 0, "num_branches": 20, "num_partial_branches": 0, "covered_branches": 20, "missing_branches": 0}, "missing_lines": [], "excluded_lines": [], "executed_branches": [[50, 51], [50, 53], [56, 55], [56, 59], [60, 59], [60, 74], [98, 99], [98, 158], [101, 103], [101, 110], [110, 112], [110, 129], [129, 131], [129, 146], [146, 98], [146, 148], [181, -24], [181, 180], [192, 193], [192, 195]], "missing_branches": []}, "tactus/adapters/channels/cli.py": {"executed_lines": [1, 8, 9, 10, 11, 13, 14, 15, 16, 18, 24, 26, 29, 31, 32, 38, 39, 40, 41, 42, 43, 44, 45, 46, 47, 48, 51, 52, 66, 73, 74, 76, 77, 79, 81, 82, 84, 95, 97, 99, 100, 101, 103, 117, 120, 121, 122, 123, 126, 129, 130, 131, 132, 133, 136, 137, 138, 139, 140, 143, 144, 152, 164, 165, 167, 168, 169, 170, 171, 172, 173, 174, 175, 176, 177, 180, 182, 184, 185, 187, 189, 190, 191, 192, 193, 195, 197, 198, 200, 202, 204, 205, 208, 209, 210, 211, 213, 218, 219, 220, 221, 222, 225, 226, 227, 233, 234, 235, 236, 238, 239, 240, 241, 242, 244, 246, 248, 249, 251, 252, 253, 254, 256, 257, 258, 265, 266, 268, 269, 270, 271, 272, 273, 274, 275, 276, 277, 278, 279, 280, 281, 283, 285, 287, 288, 290, 292, 293, 299, 300, 301, 303, 305, 306, 308, 310, 311, 312, 315, 316, 317, 318, 319, 322, 324, 325, 326, 329, 338, 339, 340, 341, 342, 344, 345, 346, 348, 349, 350, 351, 352, 353, 354, 355, 356, 358, 359, 360, 361, 364, 366, 369, 371, 372, 373, 374, 375, 377, 384, 385, 386, 387, 388, 389, 391, 392, 394, 398, 401, 402, 404, 405, 407, 409, 410, 413, 414, 415, 416, 417, 420, 423, 424, 425, 427, 429, 439, 442, 452], "summary": {"covered_lines": 227, "num_statements": 227, "percent_covered": 100.0, "percent_covered_display": "100.0", "missing_lines": 0, "excluded_lines": 0, "num_branches": 108, "num_partial_branches": 0, "covered_branches": 108, "missing_branches": 0}, "missing_lines": [], "excluded_lines": [], "executed_branches": [[39, 40], [39, 41], [42, 43], [42, 44], [45, 46], [45, 47], [77, 76], [77, 81], [82, 81], [82, 95], [99, 100], [99, 101], [121, 122], [121, 123], [129, 130], [129, 136], [131, 132], [131, 133], [136, 137], [136, 143], [138, 139], [138, 143], [164, 165], [164, 167], [168, 169], [168, 170], [170, 171], [170, 172], [172, 173], [172, 174], [174, 175], [174, 176], [176, 177], [176, 180], [184, 185], [184, 187], [197, 198], [197, 200], [204, 205], [204, 208], [219, 220], [219, 225], [221, 219], [221, 222], [225, 226], [225, 244], [235, 236], [235, 238], [248, 249], [248, 251], [256, 257], [256, 283], [265, 266], [265, 268], [268, 269], [268, 270], [270, 271], [270, 275], [272, 273], [272, 274], [275, 256], [275, 276], [277, 278], [277, 279], [287, 288], [287, 290], [305, 306], [305, 308], [310, 311], [310, 315], [316, 317], [316, 319], [324, 325], [324, 413], [325, 326], [325, 329], [340, 341], [340, 344], [344, 345], [344, 366], [348, 349], [348, 358], [352, 353], [352, 401], [359, 360], [359, 361], [366, 369], [366, 371], [371, 372], [371, 398], [384, 385], [384, 387], [387, 388], [387, 391], [401, 402], [401, 404], [404, 405], [404, 407], [413, 414], [413, 427], [416, 417], [416, 427], [417, -417], [417, 417], [417, 420], [420, -420], [420, 420], [420, 423], [423, 424], [423, 425]], "missing_branches": []}, "tactus/adapters/channels/host.py": {"executed_lines": [1, 14, 15, 16, 17, 18, 19, 21, 27, 29, 32, 33, 52, 54, 55, 56, 57, 58, 60, 61, 63, 74, 87, 94, 95, 98, 101, 104, 109, 111, 118, 129, 135, 136, 138, 140, 141, 142, 143, 145, 155, 157, 160, 161, 163, 165, 174, 175, 177, 179, 180, 181, 183, 184, 196, 197, 212, 213, 224, 234], "summary": {"covered_lines": 52, "num_statements": 52, "percent_covered": 100.0, "percent_covered_display": "100.0", "missing_lines": 0, "excluded_lines": 12, "num_branches": 12, "num_partial_branches": 0, "covered_branches": 12, "missing_branches": 0}, "missing_lines": [], "excluded_lines": [183, 184, 185, 194, 196, 197, 198, 210, 212, 213, 214, 222], "executed_branches": [[61, 60], [61, 74], [142, -138], [142, 143], [160, 161], [160, 163], [163, -145], [163, 165], [174, 175], [174, 177], [180, -145], [180, 181]], "missing_branches": []}, "tactus/adapters/channels/ipc.py": {"executed_lines": [1, 8, 9, 10, 11, 12, 13, 15, 16, 23, 26, 27, 35, 43, 44, 45, 47, 48, 49, 50, 51, 53, 54, 56, 65, 67, 68, 70, 73, 74, 77, 78, 81, 84, 86, 87, 93, 103, 110, 131, 134, 135, 137, 138, 139, 140, 141, 142, 148, 150, 152, 153, 156, 164, 171, 172, 173, 178, 180, 188, 196, 199, 201, 202, 203, 204, 205, 212, 214, 217, 218, 219, 220, 221, 222, 229, 232, 233, 234, 237, 238, 239, 240, 241, 247, 249, 259, 261, 264, 266, 268, 269, 270, 271, 272, 280, 281, 282, 283, 284, 285, 286, 289, 291, 293, 305, 306, 313, 315, 317, 321, 324, 331, 332, 341, 342, 344, 345, 346, 347, 348], "summary": {"covered_lines": 119, "num_statements": 119, "percent_covered": 100.0, "percent_covered_display": "100.0", "missing_lines": 0, "excluded_lines": 0, "num_branches": 28, "num_partial_branches": 0, "covered_branches": 28, "missing_branches": 0}, "missing_lines": [], "excluded_lines": [], "executed_branches": [[54, 53], [54, 65], [67, 68], [67, 70], [73, 74], [73, 77], [110, -110], [110, 110], [110, 131], [137, 138], [137, 152], [152, 153], [152, 156], [201, -180], [201, 202], [217, 218], [217, 229], [232, 233], [232, 237], [237, 238], [237, 247], [268, 269], [268, 280], [283, 284], [283, 285], [291, 293], [291, 315], [315, 317], [315, 324]], "missing_branches": []}, "tactus/adapters/channels/sse.py": {"executed_lines": [1, 8, 9, 10, 11, 12, 14, 15, 22, 25, 26, 38, 46, 47, 49, 51, 52, 53, 55, 56, 57, 69, 71, 73, 75, 81, 87, 89, 92, 93, 96, 98, 105, 106, 111, 119, 125, 206, 208, 210, 211, 213, 238, 249, 251, 261, 262, 263, 265, 268, 269, 270, 277, 290, 291, 292, 293, 294, 296, 302, 309, 315, 316, 318, 320, 322, 323], "summary": {"covered_lines": 65, "num_statements": 65, "percent_covered": 100.0, "percent_covered_display": "100.0", "missing_lines": 0, "excluded_lines": 0, "num_branches": 16, "num_partial_branches": 0, "covered_branches": 16, "missing_branches": 0}, "missing_lines": [], "excluded_lines": [], "executed_branches": [[52, 51], [52, 55], [56, 55], [56, 69], [92, 93], [92, 96], [125, -125], [125, 125], [125, 206], [210, 211], [210, 213], [213, -213], [213, -208], [213, 213], [263, 265], [263, 268], [315, 316], [315, 318]], "missing_branches": []}, "tactus/adapters/cli_hitl.py": {"executed_lines": [1, 11, 12, 13, 15, 16, 17, 19, 21, 24, 25, 37, 44, 45, 47, 58, 61, 62, 71, 72, 73, 74, 75, 76, 77, 78, 79, 80, 83, 85, 87, 90, 92, 96, 98, 101, 103, 104, 105, 106, 107, 108, 109, 112, 113, 117, 118, 119, 120, 121, 122, 124, 127, 128, 132, 134, 136, 138, 139, 140, 141, 143, 144, 151, 152, 153, 154, 155, 156, 157, 158, 160, 161, 162, 163, 164, 165, 166, 168, 170, 172, 174, 177, 185, 187, 190, 192, 193, 194, 197, 198, 199, 200, 201, 202, 203, 206, 208, 209, 210, 211, 212, 213, 214, 215, 216, 219, 228, 229, 230, 232, 233, 235, 237, 240, 241, 246, 248, 249, 251, 252, 256, 257, 258, 259, 260, 263, 264, 265, 268, 271, 272, 273, 274, 275, 277, 278, 279, 281, 284, 285, 290, 291, 292, 293, 294, 295, 296, 297, 299, 301, 302, 304, 305, 306, 307, 308, 309, 311, 312, 314, 317, 318, 320, 321, 322, 323, 324, 326, 327, 334, 335, 336, 337, 338, 339, 340, 341, 342, 343, 344, 345, 347, 351, 352, 354, 355, 356, 357, 358, 359, 360, 361, 362, 364, 365, 366, 368, 369, 372, 373, 375, 378, 379, 380, 382, 386, 389, 390, 391, 393, 397, 403, 405, 411], "summary": {"covered_lines": 213, "num_statements": 213, "percent_covered": 100.0, "percent_covered_display": "100.0", "missing_lines": 0, "excluded_lines": 0, "num_branches": 83, "num_partial_branches": 0, "covered_branches": 83, "missing_branches": 0}, "missing_lines": [], "excluded_lines": [], "executed_branches": [[71, 72], [71, 73], [73, 74], [73, 75], [75, 76], [75, 77], [77, 78], [77, 79], [79, 80], [79, 83], [101, 103], [101, 132], [104, 105], [104, 112], [108, 104], [108, 109], [119, 120], [119, 124], [151, 152], [151, 156], [156, 157], [156, 162], [162, 143], [162, 163], [192, 193], [192, 197], [198, 199], [198, 203], [208, 209], [208, 378], [228, 229], [228, 232], [232, 233], [232, 320], [235, 237], [235, 290], [240, 241], [240, 248], [257, -257], [257, 257], [257, 258], [257, 284], [258, -258], [258, 258], [258, 259], [258, 281], [259, 260], [259, 264], [264, 265], [264, 271], [272, 273], [272, 278], [274, 275], [274, 277], [291, 292], [291, 301], [292, 293], [292, 299], [296, 291], [296, 297], [306, 307], [306, 314], [308, 309], [308, 311], [320, 321], [320, 351], [334, 335], [334, 338], [338, 339], [338, 342], [342, 326], [342, 343], [354, 355], [354, 364], [365, 366], [365, 368], [372, 373], [372, 375], [380, 382], [380, 393], [382, -382], [382, 382], [382, 386], [386, -386], [386, 386], [386, 389], [389, 390], [389, 391]], "missing_branches": []}, "tactus/adapters/cli_log.py": {"executed_lines": [1, 7, 8, 9, 11, 13, 16, 17, 24, 31, 32, 33, 35, 43, 45, 46, 47, 50, 51, 52, 55, 57, 58, 59, 62, 64, 65, 66, 69, 71, 72, 73, 76, 77, 78, 81, 83, 85, 86, 89, 91, 95, 97, 100, 101, 104, 106, 107, 108, 112, 114, 117, 118, 120, 121, 124, 127, 128, 129, 130, 131, 134, 136, 138, 142, 145, 148, 151, 152, 153, 157, 161, 164, 167, 175, 176, 181, 182, 187, 189, 195, 196, 197, 198, 200, 201, 202, 203, 209, 210, 211, 213, 214, 215, 216, 217, 219, 220, 221, 222, 223], "summary": {"covered_lines": 99, "num_statements": 99, "percent_covered": 100.0, "percent_covered_display": "100.0", "missing_lines": 0, "excluded_lines": 0, "num_branches": 46, "num_partial_branches": 0, "covered_branches": 46, "missing_branches": 0}, "missing_lines": [], "excluded_lines": [], "executed_branches": [[45, 46], [45, 50], [50, 51], [50, 55], [57, 58], [57, 62], [64, 65], [64, 69], [71, 72], [71, 76], [76, 77], [76, 81], [81, 83], [81, 89], [100, 101], [100, 104], [104, -97], [104, 106], [118, 120], [118, 127], [120, 121], [120, 124], [128, 129], [128, 136], [130, 131], [130, 134], [152, 153], [152, 157], [175, 176], [175, 181], [181, -161], [181, 182], [195, 196], [195, 209], [200, 201], [200, 209], [202, 203], [202, 209], [209, -187], [209, 210], [213, 214], [213, 219], [215, 216], [215, 219], [219, -187], [219, 220]], "missing_branches": []}, "tactus/adapters/control_loop.py": {"executed_lines": [1, 10, 11, 12, 13, 14, 16, 17, 28, 30, 33, 34, 61, 63, 79, 80, 81, 82, 83, 85, 86, 92, 99, 100, 102, 103, 105, 106, 107, 109, 115, 116, 118, 119, 121, 176, 196, 206, 207, 210, 212, 213, 214, 216, 220, 227, 228, 229, 230, 231, 234, 236, 237, 240, 241, 242, 248, 251, 252, 253, 259, 260, 266, 267, 271, 274, 276, 278, 279, 280, 286, 291, 294, 295, 297, 299, 314, 315, 316, 318, 326, 327, 328, 329, 330, 338, 359, 362, 365, 366, 367, 371, 373, 375, 382, 383, 384, 385, 386, 387, 390, 391, 392, 393, 394, 395, 396, 397, 398, 400, 402, 404, 405, 406, 408, 410, 411, 412, 417, 418, 419, 420, 421, 422, 423, 425, 439, 441, 442, 443, 444, 445, 446, 454, 455, 457, 464, 465, 466, 467, 469, 471, 472, 473, 474, 475, 477, 483, 484, 486, 487, 488, 489, 490, 491, 492, 493, 495, 497, 499, 500, 501, 502, 504, 528, 529, 530, 533, 534, 535, 537, 539, 541, 544, 547, 548, 549, 550, 560, 561, 562, 567, 568, 570, 571, 572, 574, 577, 578, 580, 581, 582, 592, 593, 594, 595, 596, 598, 600, 602, 614, 615, 616, 617, 625, 656, 658, 659, 661, 662, 663, 668, 670, 672, 673, 675, 676, 679, 680, 681, 684, 690, 692, 709, 710, 712, 713, 715, 716, 717, 718, 719, 721, 723, 731, 732, 734, 735, 737, 738, 739, 740, 743, 744, 754, 762, 763, 765, 782, 785, 786, 787, 788, 789, 790, 791, 793, 794, 795, 796, 797, 798, 801, 805, 806, 807, 810, 811, 812, 813, 814, 815, 816, 818, 819, 820, 823, 824, 825, 826, 827, 828, 829, 830, 831, 832, 835, 836, 837, 841, 843, 845, 868, 877, 878, 880, 886, 888, 889, 890, 892, 900, 902], "summary": {"covered_lines": 300, "num_statements": 300, "percent_covered": 100.0, "percent_covered_display": "100.0", "missing_lines": 0, "excluded_lines": 0, "num_branches": 152, "num_partial_branches": 0, "covered_branches": 152, "missing_branches": 0}, "missing_lines": [], "excluded_lines": [], "executed_branches": [[85, -85], [85, 85], [85, 86], [99, 100], [99, 102], [102, 103], [102, 105], [105, -105], [105, 105], [105, 106], [115, 116], [115, 118], [118, -118], [118, 118], [118, 119], [227, 228], [227, 234], [229, 230], [229, 234], [236, 237], [236, 240], [241, 242], [241, 248], [242, -242], [242, -220], [242, 242], [251, -251], [251, 251], [251, 252], [252, -252], [252, 252], [252, 253], [259, 260], [259, 266], [266, 267], [266, 271], [276, 278], [276, 294], [278, 279], [278, 286], [294, 295], [294, 297], [314, -314], [314, 314], [314, 315], [359, -359], [359, 359], [359, 362], [366, 367], [366, 373], [375, -375], [375, 375], [375, 382], [375, 402], [382, 383], [382, 390], [390, 391], [390, 400], [393, 390], [393, 394], [395, 396], [395, 397], [404, 405], [404, 406], [411, 412], [411, 418], [411, 423], [418, 419], [418, 420], [442, 443], [442, 454], [443, 442], [443, 444], [445, 442], [445, 446], [454, -425], [454, 455], [472, 473], [472, 475], [473, 472], [473, 474], [486, 487], [486, 488], [488, 489], [488, 490], [490, 491], [490, 492], [492, 493], [492, 495], [499, 500], [499, 502], [500, 499], [500, 501], [529, 530], [529, 533], [534, 535], [534, 539], [535, 537], [535, 539], [539, 541], [539, 544], [548, 549], [548, 560], [549, 550], [549, 560], [561, 562], [561, 577], [567, 568], [567, 577], [572, 574], [572, 577], [578, 580], [578, 614], [581, 582], [581, 592], [593, 594], [593, 602], [595, 596], [595, 600], [615, 616], [615, 625], [616, 617], [616, 625], [658, 659], [658, 661], [663, -663], [663, 663], [663, 668], [672, 673], [672, 675], [679, 680], [679, 684], [709, 710], [709, 712], [715, 716], [715, 721], [717, 718], [717, 721], [731, 732], [731, 734], [737, -723], [737, 738], [785, 786], [785, 793], [806, 807], [806, 810], [818, 819], [818, 835], [823, 824], [823, 825], [825, 826], [825, 827], [827, 828], [827, 829], [829, 830], [829, 831], [831, 832], [831, 835], [836, 837], [836, 841], [877, -765], [877, 878], [889, 890], [889, 892]], "missing_branches": []}, "tactus/adapters/cost_collector_log.py": {"executed_lines": [1, 8, 10, 11, 13, 15, 18, 19, 28, 30, 31, 32, 34, 35, 36, 37, 40, 41, 43, 44, 45, 46, 48, 49, 50, 51, 52, 53, 54, 56], "summary": {"covered_lines": 28, "num_statements": 28, "percent_covered": 100.0, "percent_covered_display": "100.0", "missing_lines": 0, "excluded_lines": 0, "num_branches": 12, "num_partial_branches": 0, "covered_branches": 12, "missing_branches": 0}, "missing_lines": [], "excluded_lines": [], "executed_branches": [[35, 36], [35, 40], [40, -34], [40, 41], [44, 45], [44, 48], [49, 50], [49, 51], [51, 52], [51, 53], [53, 54], [53, 56]], "missing_branches": []}, "tactus/adapters/file_storage.py": {"executed_lines": [1, 7, 8, 9, 10, 12, 21, 22, 29, 36, 40, 41, 42, 43, 46, 47, 48, 49, 52, 53, 54, 55, 56, 57, 59, 61, 63, 65, 66, 67, 69, 70, 71, 72, 73, 75, 77, 79, 80, 81, 82, 83, 85, 87, 88, 90, 91, 93, 95, 97, 99, 100, 101, 103, 105, 107, 109, 111, 114, 115, 117, 118, 119, 121, 135, 145, 147, 148, 150, 151, 156, 158, 161, 186, 188, 192, 193, 194, 195, 197, 199, 200, 202, 204, 205, 206, 210, 212, 213, 215, 216, 217, 218, 219, 221, 223, 224, 225, 226, 227, 229, 231, 233, 240, 242, 249, 252, 255, 256, 257, 258, 261, 262, 263, 265, 266, 267, 268, 269, 272, 274, 287, 289, 290, 292, 293, 294, 295, 296, 299, 300, 301, 302, 305, 306, 307, 308, 311, 312, 316, 318, 321, 322, 323, 325, 327, 329, 339, 342, 343, 349, 352, 353, 354, 355, 356, 358, 361, 363, 365, 373, 375, 377, 378, 379, 380, 381, 383, 393, 395, 396, 398, 399, 400, 401, 402, 404], "summary": {"covered_lines": 175, "num_statements": 175, "percent_covered": 100.0, "percent_covered_display": "100.0", "missing_lines": 0, "excluded_lines": 0, "num_branches": 78, "num_partial_branches": 0, "covered_branches": 78, "missing_branches": 0}, "missing_lines": [], "excluded_lines": [], "executed_branches": [[66, -63], [66, 67], [66, 69], [70, -63], [70, 71], [70, 72], [80, -75], [80, 81], [80, 82], [87, 88], [87, 90], [90, 91], [90, 103], [95, -95], [95, 95], [95, 97], [97, 99], [97, 103], [99, 100], [99, 101], [109, 111], [109, 114], [115, 117], [115, 135], [118, 119], [118, 121], [147, 148], [147, 150], [150, 151], [150, 156], [161, -161], [161, 161], [161, 186], [212, 213], [212, 215], [216, -210], [216, 217], [216, 218], [224, -221], [224, 225], [224, 226], [255, 256], [255, 257], [257, 258], [257, 261], [261, 262], [261, 265], [262, 261], [262, 263], [266, 267], [266, 268], [266, 272], [289, 290], [289, 292], [293, 294], [293, 295], [293, 299], [299, 300], [299, 301], [301, 302], [301, 305], [306, 307], [306, 318], [307, 308], [307, 311], [311, 312], [311, 316], [322, 323], [322, 325], [342, 343], [342, 349], [343, -343], [343, 343], [343, 352], [353, 354], [353, 361], [361, -361], [361, 363], [375, -375], [375, 375], [375, 377], [378, -365], [378, 379], [378, 380], [395, 396], [395, 398], [399, 400], [399, 401], [399, 404], [404, -404], [404, -383], [404, 404]], "missing_branches": []}, "tactus/adapters/http_callback_log.py": {"executed_lines": [1, 8, 9, 10, 12, 13, 14, 16, 18, 21, 22, 29, 43, 44, 45, 48, 49, 54, 55, 56, 58, 60, 68, 69, 71, 73, 76, 77, 80, 81, 82, 85, 90, 91, 93, 95, 100, 102, 104, 105, 112, 113, 114, 118, 119], "summary": {"covered_lines": 43, "num_statements": 43, "percent_covered": 100.0, "percent_covered_display": "100.0", "missing_lines": 0, "excluded_lines": 0, "num_branches": 10, "num_partial_branches": 0, "covered_branches": 10, "missing_branches": 0}, "missing_lines": [], "excluded_lines": [], "executed_branches": [[68, 69], [68, 71], [80, 81], [80, 82], [93, 95], [93, 100], [105, -21], [105, 104], [113, 114], [113, 119]], "missing_branches": []}, "tactus/adapters/ide_log.py": {"executed_lines": [1, 7, 8, 10, 12, 15, 16, 23, 25, 27, 28, 29, 31, 39, 45, 47, 48, 51, 52, 60, 62, 68, 78, 79, 80, 81, 82, 83, 84, 85], "summary": {"covered_lines": 28, "num_statements": 28, "percent_covered": 100.0, "percent_covered_display": "100.0", "missing_lines": 0, "excluded_lines": 0, "num_branches": 4, "num_partial_branches": 0, "covered_branches": 4, "missing_branches": 0}, "missing_lines": [], "excluded_lines": [], "executed_branches": [[47, 48], [47, 51], [51, 52], [51, 60]], "missing_branches": []}, "tactus/adapters/lua_tools.py": {"executed_lines": [1, 10, 11, 12, 13, 14, 16, 19, 20, 22, 30, 31, 33, 48, 49, 50, 52, 67, 68, 69, 70, 72, 73, 74, 75, 76, 77, 79, 80, 82, 83, 85, 100, 101, 102, 103, 104, 105, 108, 109, 110, 112, 115, 117, 132, 133, 134, 135, 136, 137, 140, 141, 142, 144, 145, 147, 158, 159, 162, 163, 164, 165, 166, 167, 168, 170, 173, 174, 176, 177, 180, 183, 185, 187, 188, 189, 190, 192, 194, 195, 196, 197, 203, 207, 210, 213, 214, 217, 218, 220, 221, 223, 224, 225, 228, 229, 232, 235, 236, 240, 241, 242, 243, 244, 245, 247, 249, 250, 251, 252, 254, 255, 259, 260, 266, 269, 270, 271, 272, 274, 276, 289, 291, 293, 294, 295, 296, 297, 300, 303, 304, 306, 307, 312, 314, 316, 324, 326, 328, 329, 331, 332, 333, 334, 335], "summary": {"covered_lines": 143, "num_statements": 143, "percent_covered": 100.0, "percent_covered_display": "100.0", "missing_lines": 0, "excluded_lines": 0, "num_branches": 50, "num_partial_branches": 0, "covered_branches": 50, "missing_branches": 0}, "missing_lines": [], "excluded_lines": [], "executed_branches": [[68, 69], [68, 72], [73, 74], [73, 82], [75, 76], [75, 79], [101, 102], [101, 112], [103, 104], [103, 108], [133, 134], [133, 144], [135, 136], [135, 140], [159, 162], [159, 168], [166, 167], [166, 168], [176, 177], [176, 180], [187, 188], [187, 203], [189, 190], [189, 203], [194, 195], [194, 196], [213, 214], [213, 217], [217, 218], [217, 220], [228, 229], [228, 232], [242, 243], [242, 249], [244, 245], [244, 247], [249, 250], [249, 269], [254, 255], [254, 259], [289, 291], [289, 293], [294, 295], [294, 312], [303, 304], [303, 306], [328, 329], [328, 331], [332, 333], [332, 334]], "missing_branches": []}, "tactus/adapters/mcp.py": {"executed_lines": [1, 7, 8, 9, 10, 12, 15, 16, 23, 31, 32, 33, 35, 44, 47, 48, 49, 50, 53, 56, 57, 58, 59, 61, 62, 63, 65, 68, 69, 70, 71, 72, 73, 74, 75, 80, 81, 83, 94, 95, 96, 98, 99, 101, 102, 103, 106, 107, 108, 109, 110, 111, 113, 116, 117, 118, 119, 120, 125, 130, 133, 144, 145, 146, 147, 149, 151, 153, 155, 156, 157, 158, 159, 160, 163, 164, 166, 171, 173, 174, 175, 177, 180, 181, 183, 184, 186, 187, 188, 190, 191, 192, 195, 199, 201, 215, 226, 227, 229, 230, 233, 234, 237, 238, 239, 240, 243, 246, 247, 248, 251, 252, 253, 258, 261, 262, 265, 283, 286], "summary": {"covered_lines": 117, "num_statements": 117, "percent_covered": 100.0, "percent_covered_display": "100.0", "missing_lines": 0, "excluded_lines": 0, "num_branches": 50, "num_partial_branches": 0, "covered_branches": 50, "missing_branches": 0}, "missing_lines": [], "excluded_lines": [], "executed_branches": [[47, 48], [47, 49], [49, 50], [49, 53], [61, 62], [61, 65], [69, 70], [69, 80], [72, 69], [72, 73], [94, 95], [94, 98], [101, 102], [101, 106], [107, 108], [107, 109], [109, 110], [109, 111], [111, 113], [111, 116], [116, 117], [116, 130], [144, 145], [144, 146], [146, 147], [146, 149], [155, 156], [155, 157], [157, 158], [157, 159], [159, 160], [159, 163], [163, 164], [163, 166], [171, 173], [171, 174], [174, 175], [174, 177], [180, 181], [180, 183], [190, 191], [190, 192], [227, 229], [227, 233], [238, 239], [238, 261], [247, 248], [247, 251], [252, 253], [252, 258]], "missing_branches": []}, "tactus/adapters/mcp_manager.py": {"executed_lines": [1, 8, 9, 10, 11, 12, 13, 15, 17, 20, 30, 32, 33, 34, 35, 36, 37, 40, 41, 48, 56, 57, 58, 59, 60, 61, 63, 65, 67, 68, 69, 70, 77, 80, 89, 92, 93, 94, 95, 98, 99, 100, 101, 104, 106, 107, 108, 115, 116, 119, 123, 128, 129, 131, 137, 139, 141, 143, 145, 147, 148, 149, 151, 162, 164, 171, 172, 175, 178, 179, 181, 182, 183, 184, 186, 187, 188, 189, 191, 193, 200, 202, 212], "summary": {"covered_lines": 81, "num_statements": 81, "percent_covered": 100.0, "percent_covered_display": "100.0", "missing_lines": 0, "excluded_lines": 0, "num_branches": 26, "num_partial_branches": 0, "covered_branches": 26, "missing_branches": 0}, "missing_lines": [], "excluded_lines": [], "executed_branches": [[30, 32], [30, 33], [32, -32], [32, -20], [33, 34], [33, 35], [34, -34], [34, -20], [34, 34], [35, 36], [35, 37], [36, -36], [36, -20], [36, 36], [65, 67], [65, 143], [68, 69], [68, 139], [107, 108], [107, 119], [119, 119], [119, 123], [119, 131], [139, 65], [139, 141], [175, 178], [175, 181], [186, 187], [186, 189]], "missing_branches": []}, "tactus/adapters/memory.py": {"executed_lines": [1, 8, 10, 13, 14, 20, 22, 24, 26, 28, 29, 31, 33, 35, 39, 40, 41, 42, 44, 46, 47, 49, 51, 52, 53], "summary": {"covered_lines": 23, "num_statements": 23, "percent_covered": 100.0, "percent_covered_display": "100.0", "missing_lines": 0, "excluded_lines": 0, "num_branches": 2, "num_partial_branches": 0, "covered_branches": 2, "missing_branches": 0}, "missing_lines": [], "excluded_lines": [], "executed_branches": [[26, 28], [26, 29]], "missing_branches": []}, "tactus/adapters/plugins.py": {"executed_lines": [1, 7, 8, 9, 10, 11, 12, 13, 14, 16, 19, 20, 31, 38, 39, 40, 42, 57, 59, 60, 62, 67, 69, 70, 72, 85, 87, 88, 90, 91, 92, 94, 96, 97, 98, 100, 101, 103, 104, 106, 108, 109, 111, 121, 123, 124, 126, 127, 128, 130, 131, 132, 133, 135, 136, 137, 138, 140, 142, 143, 145, 155, 157, 158, 159, 161, 162, 164, 166, 176, 178, 180, 183, 184, 185, 186, 188, 189, 190, 193, 195, 198, 199, 200, 201, 203, 204, 206, 208, 219, 221, 225, 226, 229, 230, 231, 233, 234, 235, 236, 238, 239, 240, 241, 243, 245, 255, 258, 259, 261, 263, 264, 266, 268, 278, 280, 282, 285, 286, 287, 288, 290, 293, 296, 299, 301, 304, 305, 306, 307, 308, 309, 311, 312, 314, 316, 329, 330, 333, 334, 337, 338, 340, 342, 353, 355, 356, 359, 362, 364, 366, 367, 370, 371, 373, 374, 375, 376, 379, 380, 382, 386, 388, 389, 392, 393, 395, 396, 397, 398, 401, 402, 404, 407, 408, 409, 410, 413, 415, 417, 418, 419], "summary": {"covered_lines": 180, "num_statements": 180, "percent_covered": 100.0, "percent_covered_display": "100.0", "missing_lines": 0, "excluded_lines": 0, "num_branches": 64, "num_partial_branches": 0, "covered_branches": 64, "missing_branches": 0}, "missing_lines": [], "excluded_lines": [], "executed_branches": [[59, 60], [59, 67], [87, 88], [87, 108], [90, 91], [90, 94], [94, 96], [94, 101], [96, 97], [96, 100], [101, 103], [101, 106], [123, 124], [123, 142], [126, 127], [126, 130], [130, 131], [130, 136], [131, 132], [131, 135], [136, 137], [136, 140], [157, 158], [157, 164], [158, 159], [158, 161], [184, 185], [184, 188], [198, 199], [198, 206], [199, 198], [199, 200], [229, 230], [229, 233], [238, 239], [238, 241], [258, 259], [258, 266], [259, 261], [259, 263], [286, 287], [286, 290], [304, 305], [304, 314], [305, 304], [305, 306], [307, 304], [307, 308], [329, 330], [329, 333], [333, 334], [333, 337], [337, 338], [337, 340], [362, 364], [362, 386], [370, 371], [370, 373], [379, 380], [379, 382], [392, 393], [392, 395], [401, 402], [401, 404]], "missing_branches": []}, "tactus/backends/http_backend.py": {"executed_lines": [1, 5, 6, 8, 10, 13, 14, 16, 25, 26, 27, 29, 39, 40, 41, 42, 44, 54, 55, 56, 57], "summary": {"covered_lines": 19, "num_statements": 19, "percent_covered": 100.0, "percent_covered_display": "100.0", "missing_lines": 0, "excluded_lines": 0, "num_branches": 4, "num_partial_branches": 0, "covered_branches": 4, "missing_branches": 0}, "missing_lines": [], "excluded_lines": [], "executed_branches": [[39, -29], [39, 40], [54, -44], [54, 55]], "missing_branches": []}, "tactus/backends/pytorch_backend.py": {"executed_lines": [1, 5, 6, 7, 9, 12, 13, 15, 24, 25, 26, 27, 29, 31, 32, 34, 35, 36, 37, 39, 40, 42, 43, 44, 46, 56, 58, 68, 70, 71, 72, 73, 76, 77, 78, 80, 82, 85, 88, 89, 92, 93, 95, 98, 100, 101, 103, 104, 107, 108, 110], "summary": {"covered_lines": 49, "num_statements": 49, "percent_covered": 100.0, "percent_covered_display": "100.0", "missing_lines": 0, "excluded_lines": 0, "num_branches": 18, "num_partial_branches": 0, "covered_branches": 18, "missing_branches": 0}, "missing_lines": [], "excluded_lines": [], "executed_branches": [[31, 32], [31, 34], [39, 40], [39, 42], [76, 77], [76, 82], [77, 78], [77, 80], [88, 89], [88, 92], [92, 93], [92, 107], [93, 95], [93, 98], [100, 101], [100, 103], [107, 108], [107, 110]], "missing_branches": []}, "tactus/broker/__init__.py": {"executed_lines": [1, 9, 10, 12], "summary": {"covered_lines": 3, "num_statements": 3, "percent_covered": 100.0, "percent_covered_display": "100.0", "missing_lines": 0, "excluded_lines": 0, "num_branches": 0, "num_partial_branches": 0, "covered_branches": 0, "missing_branches": 0}, "missing_lines": [], "excluded_lines": [], "executed_branches": [], "missing_branches": []}, "tactus/broker/client.py": {"executed_lines": [1, 10, 11, 12, 13, 14, 15, 16, 17, 18, 19, 21, 22, 24, 27, 28, 31, 32, 33, 34, 38, 39, 40, 41, 43, 45, 46, 47, 49, 54, 56, 57, 58, 59, 60, 61, 62, 63, 64, 66, 67, 68, 70, 71, 72, 73, 75, 76, 77, 78, 80, 82, 83, 84, 85, 86, 87, 88, 89, 90, 92, 95, 96, 97, 98, 99, 101, 102, 103, 104, 105, 107, 108, 109, 110, 111, 113, 114, 117, 120, 121, 124, 125, 126, 128, 129, 130, 131, 132, 133, 135, 136, 138, 139, 141, 142, 143, 145, 146, 147, 148, 149, 150, 151, 155, 156, 157, 158, 159, 161, 162, 163, 164, 165, 166, 168, 169, 170, 172, 173, 177, 178, 179, 180, 181, 182, 184, 185, 186, 187, 188, 189, 190, 191, 193, 194, 195, 196, 197, 199, 200, 202, 203, 204, 206, 207, 208, 209, 210, 212, 213, 214, 215, 216, 218, 230, 236, 237, 238, 239, 240, 241, 242, 244, 245, 246, 247, 248, 250, 256, 257, 258, 259, 261, 262, 263, 264, 265, 266, 267, 268, 270, 272, 273, 274], "summary": {"covered_lines": 184, "num_statements": 184, "percent_covered": 100.0, "percent_covered_display": "100.0", "missing_lines": 0, "excluded_lines": 0, "num_branches": 72, "num_partial_branches": 0, "covered_branches": 72, "missing_branches": 0}, "missing_lines": [], "excluded_lines": [], "executed_branches": [[46, 47], [46, 49], [57, -56], [57, 58], [59, 60], [59, 61], [67, 68], [67, 70], [70, 71], [70, 72], [72, 73], [72, 75], [85, 86], [85, 87], [98, 99], [98, 101], [103, 104], [103, 107], [110, 107], [110, 111], [113, -92], [113, 114], [129, 128], [129, 135], [131, 132], [131, 133], [138, 139], [138, 145], [139, 141], [139, 143], [141, 139], [141, 142], [145, 146], [145, 199], [148, 149], [148, 150], [150, 151], [150, 155], [162, 163], [162, 172], [165, 166], [165, 168], [168, 169], [168, 172], [187, 188], [187, 189], [190, 185], [190, 191], [206, 207], [206, 208], [209, 203], [209, 210], [236, 237], [236, 238], [238, 239], [238, 240], [240, 241], [240, 244], [245, 246], [245, 248], [256, 257], [256, 258], [258, 259], [258, 261], [261, 262], [261, 270], [263, 264], [263, 266], [266, 261], [266, 267], [273, -272], [273, 274]], "missing_branches": []}, "tactus/broker/protocol.py": {"executed_lines": [1, 15, 16, 17, 18, 20, 21, 23, 26, 27, 30, 31, 32, 33, 34, 35, 37, 38, 40, 41, 43, 46, 47, 48, 50, 51, 53, 56, 67, 68, 71, 72, 73, 74, 77, 92, 94, 95, 97, 100, 102, 103, 104, 105, 107, 110, 122, 123, 124, 125, 126, 127, 128, 129, 133, 144, 145, 148, 149, 150, 153, 168, 170, 171, 173, 176, 178, 179, 180, 181, 183], "summary": {"covered_lines": 70, "num_statements": 70, "percent_covered": 100.0, "percent_covered_display": "100.0", "missing_lines": 0, "excluded_lines": 0, "num_branches": 12, "num_partial_branches": 0, "covered_branches": 12, "missing_branches": 0}, "missing_lines": [], "excluded_lines": [], "executed_branches": [[37, 38], [37, 40], [40, 41], [40, 43], [50, 51], [50, 53], [94, 95], [94, 97], [126, 127], [126, 128], [170, 171], [170, 173]], "missing_branches": []}, "tactus/broker/server.py": {"executed_lines": [1, 8, 9, 10, 11, 12, 13, 14, 15, 16, 18, 19, 20, 22, 29, 32, 33, 36, 38, 41, 43, 46, 48, 49, 50, 51, 52, 53, 56, 57, 58, 61, 62, 68, 69, 70, 73, 75, 77, 79, 91, 94, 95, 96, 98, 99, 100, 101, 102, 103, 104, 105, 106, 107, 108, 109, 112, 114, 115, 117, 118, 122, 127, 132, 134, 137, 138, 144, 145, 147, 148, 149, 150, 152, 153, 155, 157, 158, 159, 160, 163, 164, 172, 173, 174, 175, 176, 177, 179, 182, 184, 185, 186, 188, 189, 190, 191, 193, 194, 195, 196, 197, 198, 200, 201, 202, 203, 204, 205, 207, 208, 212, 213, 214, 216, 217, 219, 222, 223, 228, 230, 232, 233, 234, 235, 237, 238, 246, 248, 249, 250, 252, 253, 254, 256, 257, 258, 260, 261, 262, 264, 276, 277, 278, 279, 287, 288, 290, 291, 292, 293, 295, 303, 304, 305, 306, 307, 309, 310, 318, 320, 321, 322, 324, 325, 326, 328, 329, 330, 332, 343, 344, 345, 346, 354, 355, 357, 358, 359, 360, 361, 363, 366, 367, 368, 376, 378, 379, 380, 381, 382, 384, 386, 389, 390, 391, 402, 404, 405, 406, 407, 408, 409, 410, 412, 413, 421, 422, 423, 431, 433, 434, 435, 445, 446, 447, 448, 449, 450, 451, 452, 453, 454, 456, 457, 458, 468, 469, 473, 474, 476, 477, 486, 487, 488, 489, 492, 493, 494, 497, 498, 503, 509, 517, 518, 520, 528, 530, 539, 540, 541, 542, 543, 546, 547, 548, 549, 559, 560, 561, 564, 568, 569, 571, 579, 580, 581, 590, 593, 594, 596, 597, 605, 606, 607, 615, 617, 618, 619, 620, 631, 632, 633, 634, 642, 644, 648, 651, 652, 653, 661, 663, 664, 665, 666, 667, 669, 671, 675, 676, 677, 685, 687, 688, 699, 701, 703, 706, 709, 712, 713, 716, 717, 718, 727, 730, 731, 732, 743, 745, 746, 747, 748, 749, 750, 751, 753, 754, 762, 763, 764, 772, 774, 775, 776, 786, 787, 788, 789, 790, 791, 792, 793, 794, 795, 797, 798, 799, 809, 810, 814, 815, 817, 818, 827, 828, 829, 830, 833, 834, 835, 838, 839, 844, 850, 858, 859, 861, 869, 871, 880, 881, 882, 883, 884, 887, 888, 889, 890, 900, 901, 902, 905, 909, 910, 912, 920, 921, 922, 931, 934, 935, 937, 938, 946, 947, 948, 956, 958, 959, 960, 961, 972, 973, 974, 975, 983, 985, 990, 991, 1003, 1011, 1014, 1015, 1017, 1020, 1021, 1026, 1027, 1028, 1030, 1033, 1035, 1036, 1037, 1038, 1039, 1040, 1041, 1042, 1044, 1046, 1048, 1049, 1050, 1051, 1053, 1055, 1056, 1057, 1058, 1059, 1061, 1064, 1065, 1066, 1067, 1068, 1070, 1071, 1073, 1074, 1081, 1083, 1084, 1085, 1087, 1088, 1089, 1091, 1092, 1093, 1095, 1106, 1107, 1108, 1109, 1117, 1118, 1120, 1121, 1122, 1123, 1124, 1126, 1132, 1133, 1134, 1141, 1143, 1144, 1145, 1146, 1147, 1149, 1151, 1157, 1158, 1160, 1161, 1168, 1169, 1170, 1177, 1179, 1180, 1181, 1182, 1192, 1193, 1194, 1195, 1202, 1204, 1206, 1212, 1213, 1214, 1224, 1226, 1227, 1228, 1229, 1230, 1231, 1232, 1234, 1235, 1242, 1243, 1244, 1251, 1253, 1254, 1256, 1261, 1262, 1263, 1264, 1265, 1266, 1267, 1269, 1270, 1271, 1272, 1277, 1279, 1284, 1286, 1287, 1288, 1289, 1290, 1291, 1292, 1293, 1294, 1295, 1297, 1298, 1299, 1308, 1309, 1313, 1314, 1316, 1317, 1326, 1327, 1328, 1329, 1332, 1333, 1334, 1337, 1338, 1343, 1349, 1357, 1358, 1360, 1367, 1370, 1375, 1376, 1377, 1378, 1379, 1380, 1381, 1382, 1384, 1386, 1387, 1388, 1389, 1390, 1393, 1394, 1395, 1396, 1406, 1407, 1408, 1411, 1415, 1416, 1418, 1425, 1426, 1427, 1436, 1437, 1443, 1454, 1460, 1461, 1462, 1463, 1464, 1466, 1468, 1471, 1472, 1473, 1474, 1475, 1477, 1478, 1479, 1489, 1490, 1492, 1493, 1494, 1495, 1496, 1497, 1498, 1499, 1500, 1502], "summary": {"covered_lines": 628, "num_statements": 628, "percent_covered": 100.0, "percent_covered_display": "100.0", "missing_lines": 0, "excluded_lines": 1, "num_branches": 239, "num_partial_branches": 0, "covered_branches": 239, "missing_branches": 0}, "missing_lines": [], "excluded_lines": [180], "executed_branches": [[48, 49], [48, 53], [50, 51], [50, 52], [56, 57], [56, 58], [95, 96], [95, 98], [99, 100], [99, 101], [101, 102], [101, 103], [103, 104], [103, 107], [107, 108], [107, 112], [114, 115], [114, 117], [122, 122], [122, 127], [122, 132], [148, 147], [148, 157], [158, 159], [158, 160], [184, 185], [184, 186], [189, 190], [189, 193], [195, -188], [195, 196], [198, 200], [198, 204], [201, -201], [201, 201], [201, 202], [201, 203], [212, 213], [212, 214], [222, 223], [222, 228], [237, 238], [237, 248], [248, 249], [248, 252], [252, 253], [252, 256], [256, 257], [256, 260], [260, 261], [260, 264], [309, 310], [309, 320], [320, 321], [320, 324], [324, 325], [324, 328], [328, 329], [328, 332], [367, 368], [367, 378], [379, 380], [379, 384], [390, 391], [390, 404], [412, 413], [412, 422], [422, 423], [422, 433], [434, 435], [434, 530], [447, 448], [447, 503], [456, 457], [456, 468], [468, 447], [468, 469], [473, 447], [473, 474], [476, 477], [476, 486], [486, 487], [486, 488], [488, 489], [488, 492], [492, 473], [492, 493], [493, 494], [493, 497], [497, 473], [497, 498], [517, 518], [517, 520], [546, 547], [546, 564], [548, 549], [548, 564], [568, 569], [568, 571], [596, 597], [596, 606], [606, 607], [606, 617], [619, 620], [619, 632], [652, 653], [652, 663], [664, 665], [664, 669], [676, 677], [676, 687], [687, 688], [687, 701], [712, 713], [712, 716], [731, 732], [731, 745], [753, 754], [753, 763], [763, 764], [763, 774], [775, 776], [775, 871], [788, 789], [788, 844], [797, 798], [797, 809], [809, 788], [809, 810], [814, 788], [814, 815], [817, 818], [817, 827], [827, 828], [827, 829], [829, 830], [829, 833], [833, 814], [833, 834], [834, 835], [834, 838], [838, 814], [838, 839], [858, 859], [858, 861], [887, 888], [887, 905], [889, 890], [889, 905], [909, 910], [909, 912], [937, 938], [937, 947], [947, 948], [947, 958], [960, 961], [960, 973], [1020, 1021], [1020, 1026], [1027, 1028], [1027, 1030], [1037, 1038], [1037, 1046], [1048, 1049], [1048, 1055], [1056, -1035], [1056, 1057], [1073, 1074], [1073, 1083], [1083, 1084], [1083, 1087], [1087, 1088], [1087, 1091], [1091, 1092], [1091, 1095], [1133, 1134], [1133, 1143], [1144, 1145], [1144, 1149], [1160, 1161], [1160, 1169], [1169, 1170], [1169, 1179], [1181, 1182], [1181, 1193], [1213, 1214], [1213, 1226], [1234, 1235], [1234, 1243], [1243, 1244], [1243, 1253], [1254, 1256], [1254, 1370], [1261, 1262], [1261, 1263], [1263, 1264], [1263, 1265], [1265, 1266], [1265, 1269], [1270, 1271], [1270, 1277], [1288, 1289], [1288, 1343], [1297, 1298], [1297, 1308], [1308, 1288], [1308, 1309], [1313, 1288], [1313, 1314], [1316, 1317], [1316, 1326], [1326, 1327], [1326, 1328], [1328, 1329], [1328, 1332], [1332, 1313], [1332, 1333], [1333, 1334], [1333, 1337], [1337, 1313], [1337, 1338], [1357, 1358], [1357, 1360], [1375, 1376], [1375, 1377], [1377, 1378], [1377, 1379], [1379, 1380], [1379, 1381], [1381, 1382], [1381, 1384], [1393, 1394], [1393, 1411], [1395, 1396], [1395, 1411], [1415, 1416], [1415, 1418], [1489, -1466], [1489, 1490], [1495, 1496], [1495, 1502]], "missing_branches": []}, "tactus/broker/stdio.py": {"executed_lines": [1, 9, 12], "summary": {"covered_lines": 2, "num_statements": 2, "percent_covered": 100.0, "percent_covered_display": "100.0", "missing_lines": 0, "excluded_lines": 0, "num_branches": 0, "num_partial_branches": 0, "covered_branches": 0, "missing_branches": 0}, "missing_lines": [], "excluded_lines": [], "executed_branches": [], "missing_branches": []}, "tactus/cli/__init__.py": {"executed_lines": [1, 5, 7], "summary": {"covered_lines": 2, "num_statements": 2, "percent_covered": 100.0, "percent_covered_display": "100.0", "missing_lines": 0, "excluded_lines": 0, "num_branches": 0, "num_partial_branches": 0, "covered_branches": 0, "missing_branches": 0}, "missing_lines": [], "excluded_lines": [], "executed_branches": [], "missing_branches": []}, "tactus/cli/app.py": {"executed_lines": [1, 11, 13, 15, 16, 17, 18, 19, 20, 22, 23, 24, 25, 26, 27, 28, 29, 30, 31, 32, 33, 36, 39, 44, 45, 56, 57, 59, 60, 63, 64, 65, 68, 82, 83, 84, 86, 88, 89, 90, 91, 92, 93, 95, 96, 97, 98, 99, 101, 102, 103, 104, 105, 107, 110, 112, 113, 114, 116, 117, 118, 119, 120, 121, 122, 123, 124, 125, 126, 127, 128, 129, 131, 132, 133, 134, 137, 146, 149, 150, 152, 153, 154, 155, 157, 158, 159, 162, 163, 164, 165, 166, 167, 168, 169, 171, 173, 174, 175, 178, 184, 185, 187, 188, 189, 193, 195, 196, 197, 202, 203, 209, 210, 211, 214, 215, 216, 217, 218, 221, 222, 225, 236, 237, 238, 239, 240, 241, 242, 243, 244, 245, 246, 247, 248, 250, 251, 252, 253, 254, 255, 256, 257, 259, 262, 277, 278, 280, 283, 284, 285, 286, 287, 288, 290, 291, 292, 293, 294, 296, 297, 300, 301, 302, 303, 304, 305, 308, 309, 310, 311, 313, 316, 317, 318, 319, 320, 323, 324, 325, 327, 329, 330, 331, 332, 335, 336, 337, 339, 340, 346, 347, 348, 349, 350, 351, 353, 354, 355, 356, 360, 362, 363, 364, 365, 367, 369, 370, 371, 372, 374, 376, 377, 378, 379, 381, 383, 384, 385, 386, 388, 389, 390, 391, 395, 396, 398, 400, 401, 404, 415, 416, 417, 418, 419, 420, 421, 422, 425, 426, 502, 505, 506, 507, 510, 513, 516, 517, 518, 519, 520, 521, 522, 523, 525, 526, 529, 530, 531, 532, 533, 536, 537, 540, 541, 542, 543, 544, 545, 546, 551, 552, 553, 554, 557, 558, 559, 560, 563, 564, 565, 566, 569, 570, 572, 574, 575, 577, 580, 583, 584, 585, 586, 587, 590, 591, 592, 593, 595, 596, 599, 602, 604, 605, 609, 614, 617, 620, 627, 628, 630, 633, 634, 635, 636, 637, 638, 640, 641, 647, 648, 651, 654, 657, 660, 662, 663, 665, 668, 669, 671, 674, 676, 677, 680, 681, 682, 685, 688, 695, 697, 701, 702, 705, 708, 709, 710, 714, 717, 718, 720, 721, 723, 737, 738, 741, 742, 745, 746, 747, 748, 749, 750, 751, 754, 755, 757, 759, 770, 771, 774, 775, 776, 777, 780, 781, 785, 789, 790, 793, 794, 797, 798, 808, 809, 817, 821, 822, 825, 826, 827, 828, 831, 832, 835, 838, 842, 844, 847, 848, 849, 852, 853, 855, 858, 859, 860, 863, 866, 868, 869, 872, 873, 874, 875, 876, 878, 879, 880, 881, 883, 886, 887, 888, 889, 891, 892, 894, 897, 898, 903, 904, 905, 906, 908, 909, 910, 911, 912, 916, 917, 920, 921, 927, 930, 932, 934, 935, 937, 940, 941, 942, 943, 947, 948, 950, 953, 954, 963, 964, 965, 966, 969, 970, 971, 972, 975, 976, 978, 979, 980, 981, 984, 986, 988, 989, 990, 991, 994, 995, 997, 998, 999, 1000, 1001, 1005, 1012, 1013, 1015, 1016, 1019, 1020, 1033, 1036, 1037, 1038, 1041, 1044, 1046, 1048, 1049, 1051, 1052, 1053, 1055, 1056, 1059, 1060, 1061, 1062, 1064, 1066, 1073, 1074, 1079, 1080, 1081, 1093, 1094, 1095, 1111, 1113, 1114, 1115, 1116, 1119, 1122, 1125, 1126, 1127, 1129, 1130, 1131, 1133, 1134, 1136, 1139, 1140, 1141, 1142, 1144, 1145, 1147, 1148, 1149, 1151, 1154, 1155, 1156, 1157, 1158, 1160, 1161, 1167, 1170, 1171, 1172, 1173, 1174, 1176, 1177, 1181, 1183, 1185, 1186, 1187, 1188, 1190, 1191, 1192, 1193, 1194, 1195, 1198, 1199, 1213, 1214, 1215, 1217, 1218, 1219, 1221, 1222, 1224, 1225, 1226, 1227, 1228, 1230, 1231, 1232, 1234, 1235, 1236, 1237, 1238, 1239, 1241, 1242, 1243, 1245, 1248, 1249, 1260, 1261, 1262, 1265, 1268, 1270, 1272, 1273, 1275, 1276, 1278, 1279, 1280, 1281, 1282, 1284, 1287, 1288, 1291, 1292, 1293, 1294, 1296, 1297, 1298, 1299, 1300, 1301, 1302, 1305, 1308, 1309, 1312, 1313, 1314, 1315, 1317, 1318, 1319, 1320, 1321, 1322, 1323, 1324, 1327, 1328, 1331, 1332, 1333, 1334, 1335, 1336, 1337, 1338, 1339, 1340, 1342, 1343, 1344, 1345, 1346, 1347, 1349, 1354, 1355, 1358, 1359, 1364, 1365, 1367, 1368, 1369, 1372, 1373, 1403, 1405, 1406, 1407, 1409, 1410, 1411, 1415, 1417, 1418, 1419, 1420, 1421, 1422, 1423, 1426, 1427, 1430, 1439, 1441, 1442, 1445, 1447, 1449, 1452, 1453, 1456, 1457, 1459, 1460, 1461, 1462, 1463, 1466, 1467, 1468, 1469, 1472, 1473, 1474, 1475, 1476, 1478, 1479, 1482, 1483, 1484, 1485, 1486, 1487, 1489, 1491, 1494, 1499, 1500, 1502, 1504, 1505, 1509, 1510, 1515, 1517, 1518, 1520, 1521, 1523, 1524, 1525, 1526, 1527, 1530, 1533, 1534, 1536, 1537, 1538, 1541, 1542, 1543, 1544, 1545, 1546, 1547, 1548, 1549, 1551, 1552, 1557, 1558, 1559, 1560, 1561, 1562, 1565, 1572, 1573, 1574, 1575, 1578, 1579, 1580, 1581, 1582, 1583, 1586, 1589, 1590, 1593, 1594, 1600, 1605, 1606, 1611, 1612, 1615, 1617, 1618, 1619, 1622, 1623, 1625, 1626, 1627, 1629, 1630, 1633, 1634, 1636, 1637, 1639, 1640, 1643, 1644, 1645, 1646, 1647, 1648, 1651, 1652, 1657, 1658, 1661, 1662, 1663, 1664, 1665, 1668, 1669, 1670, 1671, 1672, 1675, 1678, 1679, 1680, 1681, 1682, 1683, 1684, 1686, 1687, 1688, 1689, 1692, 1693, 1694, 1695, 1697, 1698, 1700, 1701, 1702, 1703, 1704, 1705, 1706, 1708, 1709, 1711, 1712, 1715, 1716, 1719, 1720, 1744, 1745, 1747, 1748, 1749, 1751, 1752, 1753, 1754, 1757, 1758, 1760, 1761, 1762, 1763, 1764, 1767, 1768, 1769, 1772, 1775, 1778, 1779, 1780, 1783, 1784, 1785, 1788, 1789, 1790, 1792, 1796, 1797, 1801, 1805, 1814, 1815, 1816, 1819, 1825, 1828, 1829, 1832, 1834, 1835, 1836, 1837, 1838, 1839, 1841, 1843, 1844, 1845, 1846, 1847, 1848, 1849, 1850, 1851, 1852, 1855, 1859, 1862, 1863, 1864, 1865, 1867, 1871, 1878, 1879, 1882, 1883, 1884, 1885, 1886, 1887, 1890, 1891, 1892, 1893, 1896, 1897, 1898, 1899, 1902, 1905, 1906, 1909, 1910, 1911, 1912, 1913, 1914, 1916, 1917, 1918, 1921, 1922, 1925, 1926, 1928, 1930, 1933, 1934, 1957, 1958, 1959, 1960, 1961, 1962, 1964, 1967, 1969, 1972, 1974, 1975, 1976, 1977, 1978, 1979, 1980, 1981, 1984, 1985, 1986, 1987, 1988, 1990, 1991, 1994, 1996, 1997, 1998, 2001, 2002, 2003, 2006, 2007, 2009, 2010, 2011, 2014, 2015, 2017, 2018, 2019, 2023, 2024, 2025, 2027, 2028, 2029, 2030, 2033, 2034, 2035, 2037, 2038, 2039, 2042, 2045, 2046, 2047, 2048, 2050, 2052, 2055, 2056, 2057, 2058, 2059, 2060, 2063, 2064, 2073, 2076, 2077, 2079, 2081, 2083, 2085, 2088, 2089, 2091, 2092, 2093, 2096, 2097, 2098, 2099, 2100, 2101, 2102, 2104, 2106, 2107, 2108, 2110, 2113, 2120, 2129, 2131, 2132, 2133, 2136, 2137, 2143, 2144, 2145, 2148, 2149, 2151, 2153, 2155, 2156, 2158, 2160, 2162, 2163, 2164, 2166, 2167, 2169, 2170, 2171, 2172, 2173, 2174, 2176, 2177, 2178, 2185, 2187, 2188, 2189, 2191, 2192, 2196, 2197, 2198, 2199, 2200, 2202, 2203, 2204, 2205, 2207, 2210, 2211, 2212, 2213, 2214, 2216, 2217, 2219, 2220, 2221, 2223, 2230, 2233, 2234, 2235, 2236, 2237, 2238, 2239, 2241, 2242, 2243, 2244, 2245, 2246, 2247, 2248, 2249, 2252, 2253, 2260, 2263, 2264, 2266, 2268, 2270, 2271, 2273, 2275, 2277, 2278, 2279, 2280, 2281, 2282, 2283, 2284, 2285, 2292, 2293, 2296, 2297, 2312, 2313, 2314, 2317, 2318, 2321, 2323, 2324, 2325, 2326, 2327, 2330, 2332, 2333, 2334, 2336, 2338, 2339, 2340, 2342, 2344, 2345, 2346, 2349, 2351, 2352, 2353, 2354, 2355, 2356, 2357, 2359, 2360, 2361, 2364, 2365, 2366, 2371, 2374, 2375, 2376, 2377, 2379, 2380, 2381, 2382, 2383, 2384, 2385, 2386, 2387, 2388, 2389, 2390, 2393, 2395, 2397, 2399, 2400, 2401, 2402, 2403, 2404, 2407, 2408, 2409, 2410, 2412, 2413, 2414, 2416, 2424, 2425, 2446, 2447, 2450, 2452, 2453, 2454, 2455, 2456, 2457, 2458, 2459, 2460, 2462, 2463, 2464, 2465, 2466, 2471, 2474, 2477, 2480, 2484, 2485, 2487, 2501, 2502, 2504, 2506, 2509], "summary": {"covered_lines": 1259, "num_statements": 1259, "percent_covered": 100.0, "percent_covered_display": "100.0", "missing_lines": 0, "excluded_lines": 2, "num_branches": 641, "num_partial_branches": 0, "covered_branches": 641, "missing_branches": 0}, "missing_lines": [], "excluded_lines": [2509, 2510], "executed_branches": [[45, 44], [45, 45], [45, 68], [56, 57], [56, 63], [63, -44], [63, 64], [89, 90], [89, 95], [90, 89], [90, 91], [92, 89], [92, 93], [95, 96], [95, 101], [96, 95], [96, 97], [98, 95], [98, 99], [102, 103], [102, 107], [104, 105], [104, 107], [112, 113], [112, 131], [113, 114], [113, 116], [116, 117], [116, 120], [118, 112], [118, 119], [120, 121], [120, 124], [122, 112], [122, 123], [124, 112], [124, 125], [125, 112], [125, 126], [126, 125], [126, 127], [128, 125], [128, 129], [162, 163], [162, 164], [164, 165], [164, 166], [166, 167], [166, 168], [168, 169], [168, 171], [184, 185], [184, 187], [188, 189], [188, 193], [196, 197], [196, 202], [202, 203], [202, 214], [214, 215], [214, 221], [236, 237], [236, 238], [238, 239], [238, 245], [240, 241], [240, 242], [245, 246], [245, 253], [250, 251], [250, 252], [251, -251], [251, -225], [251, 251], [253, 254], [253, 259], [277, 278], [277, 280], [290, 291], [290, 296], [301, 302], [301, 400], [308, 309], [308, 310], [310, 311], [310, 313], [317, 318], [317, 319], [319, 320], [319, 323], [323, 324], [323, 327], [327, 329], [327, 360], [331, 332], [331, 335], [336, 337], [336, 339], [348, 349], [348, 356], [353, 354], [353, 356], [360, 362], [360, 374], [362, 363], [362, 364], [364, 365], [364, 367], [374, 376], [374, 388], [376, 377], [376, 378], [378, 379], [378, 381], [388, 389], [388, 395], [416, 417], [416, 422], [417, 418], [417, 419], [419, 416], [419, 420], [420, 416], [420, 421], [426, 425], [426, 426], [426, 916], [505, 506], [505, 510], [517, 518], [517, 529], [521, 522], [521, 529], [525, 526], [525, 529], [530, 531], [530, 569], [531, 532], [531, 569], [532, 533], [532, 537], [540, 541], [540, 557], [542, 543], [542, 551], [545, 531], [545, 546], [559, 531], [559, 560], [565, 531], [565, 566], [569, 570], [569, 583], [572, 574], [572, 575], [575, 577], [575, 583], [583, 584], [583, 585], [585, 586], [585, 595], [586, 587], [586, 590], [591, 592], [591, 593], [628, 630], [628, 633], [633, 634], [633, 635], [635, 636], [635, 637], [637, 638], [637, 640], [641, 641], [641, 647], [641, 648], [662, 663], [662, 695], [663, 665], [663, 669], [669, 671], [669, 674], [674, 676], [674, 695], [717, -717], [717, 717], [717, 718], [717, 720], [737, 738], [737, 780], [745, 746], [745, 749], [749, 750], [749, 754], [754, 755], [754, 774], [755, 757], [755, 774], [774, 775], [774, 780], [775, 776], [775, 780], [780, 781], [780, 785], [790, 793], [790, 825], [793, 794], [793, 797], [808, 809], [808, 817], [821, 822], [821, 868], [842, 844], [842, 853], [853, 855], [853, 866], [868, 869], [868, 903], [872, 873], [872, 886], [878, 879], [878, 883], [886, 887], [886, 897], [891, 892], [891, 894], [904, 905], [904, 906], [910, 911], [910, 912], [921, 920], [921, 953], [934, 935], [934, 937], [941, 942], [941, 947], [954, 953], [954, 954], [954, 1019], [970, 971], [970, 975], [978, 979], [978, 984], [988, 989], [988, 997], [990, 991], [990, 997], [1000, 1001], [1000, 1005], [1012, 1013], [1012, 1015], [1020, 1019], [1020, 1020], [1020, 1198], [1036, 1037], [1036, 1041], [1049, 1051], [1049, 1119], [1055, 1056], [1055, 1113], [1059, 1060], [1059, 1064], [1060, 1061], [1060, 1062], [1064, 1066], [1064, 1111], [1073, 1074], [1073, 1079], [1079, 1080], [1079, 1093], [1080, 1079], [1080, 1081], [1093, 1094], [1093, 1122], [1094, 1093], [1094, 1095], [1114, 1115], [1114, 1116], [1133, 1134], [1133, 1136], [1139, 1140], [1139, 1154], [1144, 1145], [1144, 1151], [1147, 1148], [1147, 1149], [1154, 1155], [1154, 1170], [1160, 1161], [1160, 1167], [1170, 1171], [1170, 1183], [1176, 1177], [1176, 1181], [1185, 1186], [1185, 1190], [1193, 1194], [1193, 1195], [1199, 1198], [1199, 1199], [1199, 1248], [1213, 1214], [1213, 1217], [1217, 1218], [1217, 1221], [1230, 1231], [1230, 1234], [1234, 1235], [1234, 1241], [1235, 1236], [1235, 1238], [1241, 1242], [1241, 1245], [1249, 1248], [1249, 1249], [1249, 1372], [1260, 1261], [1260, 1265], [1273, 1275], [1273, 1364], [1278, 1279], [1278, 1284], [1280, 1281], [1280, 1282], [1287, 1288], [1287, 1291], [1291, 1292], [1291, 1312], [1293, 1294], [1293, 1309], [1294, 1296], [1294, 1297], [1297, 1298], [1297, 1308], [1312, 1313], [1312, 1331], [1314, 1315], [1314, 1328], [1315, 1317], [1315, 1318], [1318, 1319], [1318, 1327], [1331, 1332], [1331, 1358], [1333, 1334], [1333, 1358], [1336, 1337], [1336, 1344], [1337, 1338], [1337, 1339], [1339, 1340], [1339, 1342], [1344, 1345], [1344, 1347], [1347, 1349], [1347, 1355], [1358, -1248], [1358, 1359], [1373, 1372], [1373, 1373], [1373, 1530], [1405, 1406], [1405, 1409], [1410, 1411], [1410, 1415], [1439, 1441], [1439, 1456], [1441, 1442], [1441, 1445], [1445, 1447], [1445, 1449], [1452, 1439], [1452, 1453], [1459, 1460], [1459, 1466], [1461, 1462], [1461, 1463], [1466, 1467], [1466, 1472], [1473, 1474], [1473, 1482], [1474, 1475], [1474, 1478], [1483, 1484], [1483, 1489], [1484, 1485], [1484, 1489], [1485, 1484], [1485, 1486], [1489, 1491], [1489, 1509], [1499, 1500], [1499, 1502], [1520, -1372], [1520, 1521], [1525, 1526], [1525, 1527], [1533, 1534], [1533, 1565], [1536, 1533], [1536, 1537], [1542, 1543], [1542, 1544], [1544, 1545], [1544, 1546], [1546, 1547], [1546, 1548], [1548, 1549], [1548, 1551], [1557, 1536], [1557, 1558], [1558, 1536], [1558, 1559], [1559, 1558], [1559, 1560], [1561, 1558], [1561, 1562], [1572, -1530], [1572, 1573], [1574, 1575], [1574, 1578], [1578, 1579], [1578, 1580], [1580, 1581], [1580, 1582], [1582, -1530], [1582, 1583], [1589, -1586], [1589, 1590], [1611, 1589], [1611, 1612], [1623, 1625], [1623, 1633], [1626, 1627], [1626, 1629], [1633, 1634], [1633, 1715], [1636, -1615], [1636, 1637], [1639, -1639], [1639, 1639], [1639, 1640], [1643, -1643], [1643, 1644], [1644, 1645], [1644, 1651], [1645, 1644], [1645, 1646], [1647, 1645], [1647, 1648], [1662, 1663], [1662, 1668], [1669, 1670], [1669, 1708], [1670, -1670], [1670, 1670], [1670, 1671], [1679, 1680], [1679, 1686], [1680, 1681], [1680, 1692], [1682, 1683], [1682, 1684], [1687, 1688], [1687, 1689], [1693, 1669], [1693, 1694], [1697, 1693], [1697, 1698], [1700, 1693], [1700, 1701], [1702, 1703], [1702, 1705], [1703, 1702], [1703, 1704], [1705, 1693], [1705, 1706], [1708, 1709], [1708, 1711], [1720, 1719], [1720, 1720], [1720, 1855], [1747, 1748], [1747, 1751], [1760, 1761], [1760, 1767], [1762, 1763], [1762, 1764], [1767, 1768], [1767, 1775], [1779, 1780], [1779, 1783], [1784, 1785], [1784, 1788], [1789, 1790], [1789, 1796], [1815, 1816], [1815, 1819], [1834, 1835], [1834, 1839], [1836, 1837], [1836, 1838], [1839, -1719], [1839, 1841], [1843, 1844], [1843, 1848], [1850, 1851], [1850, 1852], [1863, 1864], [1863, 1867], [1867, -1867], [1867, 1867], [1867, 1871], [1878, 1879], [1878, 1905], [1882, 1883], [1882, 1890], [1884, 1885], [1884, 1890], [1890, 1891], [1890, 1896], [1892, 1893], [1892, 1896], [1896, 1897], [1896, 1902], [1898, 1899], [1898, 1902], [1905, -1855], [1905, 1906], [1910, 1911], [1910, 1916], [1911, 1910], [1911, 1912], [1912, 1913], [1912, 1914], [1916, 1917], [1916, 1921], [1921, -1921], [1921, 1921], [1921, 1922], [1926, 1925], [1926, 1933], [1934, 1933], [1934, 1934], [1934, 2063], [1974, 1975], [1974, 1984], [1994, 1996], [1994, 2001], [2006, 2007], [2006, 2033], [2009, 2010], [2009, 2014], [2023, 2024], [2023, 2027], [2046, 2047], [2046, 2050], [2064, 2063], [2064, 2064], [2064, 2136], [2076, 2077], [2076, 2079], [2088, 2089], [2088, 2091], [2089, -2089], [2089, 2089], [2089, 2091], [2091, 2092], [2091, 2096], [2104, 2106], [2104, 2129], [2106, 2107], [2106, 2110], [2137, 2136], [2137, 2137], [2137, 2252], [2148, 2149], [2148, 2151], [2158, 2160], [2158, 2196], [2166, 2167], [2166, 2169], [2169, 2170], [2169, 2187], [2173, 2174], [2173, 2176], [2176, 2177], [2176, 2187], [2187, 2188], [2187, 2191], [2202, 2203], [2202, 2207], [2216, 2217], [2216, 2230], [2220, 2221], [2220, 2223], [2238, -2136], [2238, 2239], [2241, 2242], [2241, 2244], [2244, 2245], [2244, 2247], [2253, 2252], [2253, 2253], [2253, 2292], [2263, 2264], [2263, 2266], [2277, 2278], [2277, 2280], [2280, 2281], [2280, 2283], [2297, 2296], [2297, 2297], [2297, 2424], [2321, 2323], [2321, 2330], [2324, 2325], [2324, 2327], [2332, 2333], [2332, 2336], [2344, 2345], [2344, 2407], [2351, 2352], [2351, 2359], [2353, 2354], [2353, 2355], [2359, 2360], [2359, 2364], [2379, 2380], [2379, 2395], [2381, 2382], [2381, 2393], [2382, 2381], [2382, 2383], [2383, 2384], [2383, 2385], [2386, 2382], [2386, 2387], [2387, 2388], [2387, 2389], [2401, 2402], [2401, 2403], [2412, 2413], [2412, 2416], [2425, 2424], [2425, 2425], [2425, 2477], [2450, 2452], [2450, 2474], [2453, 2454], [2453, 2458], [2458, 2459], [2458, 2462], [2463, 2464], [2463, 2465], [2466, -2466], [2466, 2466], [2466, 2471], [2484, 2485], [2484, 2506], [2487, 2501], [2487, 2506], [2502, 2504], [2502, 2506]], "missing_branches": []}, "tactus/cli/commands/__init__.py": {"executed_lines": [], "summary": {"covered_lines": 0, "num_statements": 0, "percent_covered": 100.0, "percent_covered_display": "100.0", "missing_lines": 0, "excluded_lines": 0, "num_branches": 0, "num_partial_branches": 0, "covered_branches": 0, "missing_branches": 0}, "missing_lines": [], "excluded_lines": [], "executed_branches": [], "missing_branches": []}, "tactus/cli/control.py": {"executed_lines": [1, 12, 13, 14, 15, 16, 18, 19, 20, 21, 23, 25, 28, 29, 31, 41, 42, 43, 44, 45, 46, 48, 55, 56, 57, 58, 59, 60, 61, 62, 63, 64, 65, 66, 67, 69, 71, 72, 73, 74, 75, 76, 78, 86, 87, 89, 90, 98, 100, 102, 104, 105, 106, 107, 108, 109, 110, 111, 112, 114, 116, 117, 120, 122, 129, 131, 132, 134, 135, 137, 138, 141, 143, 150, 151, 152, 153, 154, 155, 156, 159, 160, 161, 162, 163, 164, 165, 166, 168, 171, 172, 179, 181, 189, 192, 193, 195, 196, 198, 199, 202, 204, 208, 211, 212, 213, 214, 217, 218, 220, 222, 225, 227, 231, 234, 236, 237, 238, 239, 241, 242, 245, 246, 247, 248, 249, 250, 252, 254, 257, 258, 273, 274, 275, 276, 277, 278, 280, 281, 282, 284, 286, 289, 290, 291, 294, 295, 297, 305, 313, 314, 315, 316, 317, 318, 319, 321, 323, 324, 325, 326, 327, 329, 331, 333, 334, 335, 337, 338, 339, 340, 341, 343, 344, 351, 353, 355, 356, 358, 360, 361, 364, 365, 366, 368, 369, 372, 375, 383, 384, 387], "summary": {"covered_lines": 188, "num_statements": 188, "percent_covered": 100.0, "percent_covered_display": "100.0", "missing_lines": 0, "excluded_lines": 5, "num_branches": 58, "num_partial_branches": 0, "covered_branches": 58, "missing_branches": 0}, "missing_lines": [], "excluded_lines": [387, 388, 390, 391, 393], "executed_branches": [[58, 59], [58, 62], [62, 63], [62, 65], [71, -69], [71, 72], [86, 87], [86, 89], [104, 105], [104, 120], [107, 108], [107, 110], [131, 132], [131, 134], [134, 135], [134, 137], [137, 138], [137, 141], [160, 161], [160, 171], [163, 164], [163, 165], [165, 166], [165, 168], [192, 193], [192, 195], [195, 196], [195, 198], [198, 199], [198, 202], [211, 212], [211, 217], [217, 218], [217, 220], [234, 236], [234, 245], [236, 237], [236, 241], [237, 236], [237, 238], [246, 247], [246, 254], [249, 250], [249, 252], [258, -258], [258, 258], [258, 273], [275, 276], [275, 280], [289, 290], [289, 294], [333, 334], [333, 337], [343, 344], [343, 351], [355, 356], [355, 358], [365, 366], [365, 372]], "missing_branches": []}, "tactus/core/__init__.py": {"executed_lines": [1, 5, 6, 11, 12, 13, 14, 19], "summary": {"covered_lines": 7, "num_statements": 7, "percent_covered": 100.0, "percent_covered_display": "100.0", "missing_lines": 0, "excluded_lines": 0, "num_branches": 0, "num_partial_branches": 0, "covered_branches": 0, "missing_branches": 0}, "missing_lines": [], "excluded_lines": [], "executed_branches": [], "missing_branches": []}, "tactus/core/config_manager.py": {"executed_lines": [1, 7, 8, 9, 10, 11, 12, 13, 15, 18, 19, 20, 27, 28, 30, 31, 33, 34, 36, 37, 39, 40, 42, 43, 45, 46, 48, 49, 51, 53, 65, 66, 80, 82, 83, 85, 98, 101, 102, 103, 104, 105, 106, 109, 110, 111, 112, 113, 114, 117, 118, 119, 120, 121, 122, 125, 126, 127, 128, 129, 130, 131, 134, 135, 136, 137, 138, 139, 142, 143, 144, 145, 148, 149, 150, 151, 152, 153, 156, 159, 161, 162, 164, 179, 180, 181, 184, 185, 186, 187, 189, 191, 201, 202, 203, 206, 208, 209, 211, 212, 213, 215, 218, 220, 230, 231, 232, 233, 234, 235, 236, 238, 247, 251, 283, 290, 291, 292, 294, 295, 297, 301, 302, 303, 304, 305, 306, 308, 309, 310, 312, 314, 315, 316, 317, 318, 320, 321, 323, 325, 331, 332, 333, 335, 340, 346, 348, 349, 350, 352, 355, 358, 359, 360, 361, 362, 363, 364, 366, 380, 381, 383, 385, 386, 388, 390, 401, 403, 404, 405, 408, 409, 412, 414, 415, 416, 417, 418, 422, 424, 426, 428, 456, 457, 460, 461, 465, 466, 468, 469, 472, 474, 483, 492, 500, 503, 506, 508, 509, 511, 517, 518, 519, 521, 533, 535, 536, 537, 538, 539, 542, 543, 544, 546, 552, 553, 554, 556, 569, 572, 573, 574, 576, 582, 583, 584, 586, 598, 601, 602, 603, 606, 618, 619, 627, 629, 651, 652, 653, 656, 658, 659, 667, 670, 671, 672, 674, 676, 678, 688, 689, 697, 698, 699, 701, 703, 704, 712, 714, 724, 725, 734, 744, 745, 746, 748, 768, 771, 772, 773, 774, 775, 776, 779, 780, 781, 782, 783, 784, 787, 788, 789, 790, 791, 792, 795, 796, 797, 798, 799, 800, 801, 804, 805, 809, 810, 811, 812, 815, 816, 818, 819, 825, 826, 827, 828, 829, 830, 833, 836, 837, 840, 841, 842, 845, 854, 855, 859, 863], "summary": {"covered_lines": 316, "num_statements": 316, "percent_covered": 100.0, "percent_covered_display": "100.0", "missing_lines": 0, "excluded_lines": 0, "num_branches": 174, "num_partial_branches": 0, "covered_branches": 174, "missing_branches": 0}, "missing_lines": [], "excluded_lines": [], "executed_branches": [[18, 19], [18, 20], [101, 102], [101, 109], [102, 101], [102, 103], [104, 101], [104, 105], [109, 110], [109, 117], [110, 109], [110, 111], [112, 109], [112, 113], [118, 119], [118, 125], [120, 121], [120, 125], [127, 128], [127, 134], [129, 127], [129, 130], [135, 136], [135, 142], [137, 138], [137, 142], [143, 144], [143, 148], [149, 150], [149, 156], [151, 152], [151, 156], [159, -159], [159, 159], [159, 161], [180, 181], [180, 184], [184, 185], [184, 189], [186, 187], [186, 189], [206, 208], [206, 218], [208, 209], [208, 211], [212, 213], [212, 215], [231, -220], [231, 232], [231, 234], [290, 291], [290, 323], [292, 290], [292, 294], [294, 295], [294, 297], [297, 301], [297, 310], [302, 303], [302, 306], [303, 304], [303, 305], [310, 312], [310, 320], [331, 332], [331, 335], [349, 350], [349, 352], [360, 361], [360, 364], [361, 360], [361, 362], [380, 381], [380, 383], [385, 386], [385, 388], [403, 404], [403, 426], [404, 405], [404, 424], [408, 409], [408, 412], [412, 414], [412, 422], [415, 416], [415, 418], [416, 415], [416, 417], [465, 466], [465, 627], [468, 469], [468, 598], [472, 474], [472, 533], [474, -474], [474, 474], [474, 483], [506, 508], [506, 511], [518, 519], [518, 521], [533, 535], [533, 569], [536, 537], [536, 539], [537, 536], [537, 538], [542, 543], [542, 546], [553, 554], [553, 556], [572, 573], [572, 576], [583, 584], [583, 586], [602, 603], [602, 606], [618, 465], [618, 619], [651, 652], [651, 697], [652, -629], [652, 653], [656, 658], [656, 670], [658, 659], [658, 667], [671, 672], [671, 676], [688, 652], [688, 689], [697, -629], [697, 698], [698, -629], [698, 699], [701, 703], [701, 714], [703, 704], [703, 712], [724, 698], [724, 725], [744, 745], [744, 746], [771, 772], [771, 779], [772, 771], [772, 773], [774, 771], [774, 775], [779, 780], [779, 787], [780, 779], [780, 781], [782, 779], [782, 783], [788, 789], [788, 795], [790, 791], [790, 795], [797, 798], [797, 804], [799, 797], [799, 800], [805, 805], [805, 809], [805, 815], [810, 811], [810, 815], [816, 818], [816, 825], [826, 827], [826, 833], [828, 829], [828, 833], [836, 837], [836, 840], [854, 855], [854, 859]], "missing_branches": []}, "tactus/core/dependencies/__init__.py": {"executed_lines": [1, 8, 10], "summary": {"covered_lines": 2, "num_statements": 2, "percent_covered": 100.0, "percent_covered_display": "100.0", "missing_lines": 0, "excluded_lines": 0, "num_branches": 0, "num_partial_branches": 0, "covered_branches": 0, "missing_branches": 0}, "missing_lines": [], "excluded_lines": [], "executed_branches": [], "missing_branches": []}, "tactus/core/dependencies/registry.py": {"executed_lines": [1, 8, 9, 10, 12, 15, 16, 18, 19, 20, 23, 24, 31, 32, 47, 48, 49, 50, 51, 52, 53, 55, 56, 58, 59, 60, 61, 65, 66, 67, 69, 71, 77, 78, 80, 81, 82, 83, 88, 89, 90, 92, 94, 98, 99, 101, 102, 103, 104, 108, 110, 112, 114, 115, 125, 127, 128, 129, 130, 132, 137, 141, 144, 145, 152, 153, 155, 157, 158, 160, 162, 164, 165, 166, 167, 168, 174, 177, 178, 179, 180, 183, 184, 185, 186, 187, 190, 191, 192, 193, 195], "summary": {"covered_lines": 87, "num_statements": 87, "percent_covered": 100.0, "percent_covered_display": "100.0", "missing_lines": 0, "excluded_lines": 0, "num_branches": 28, "num_partial_branches": 0, "covered_branches": 28, "missing_branches": 0}, "missing_lines": [], "excluded_lines": [], "executed_branches": [[32, 31], [32, 55], [47, 48], [47, 49], [49, 50], [49, 51], [51, 52], [51, 53], [56, 55], [56, 77], [78, 77], [78, 98], [99, 98], [99, 114], [115, -23], [115, 114], [127, 128], [127, 141], [129, 130], [129, 132], [164, -160], [164, 165], [177, 178], [177, 183], [183, 184], [183, 190], [190, 191], [190, 195]], "missing_branches": []}, "tactus/core/dsl_stubs.py": {"executed_lines": [1, 34, 36, 37, 38, 42, 43, 45, 48, 59, 60, 63, 65, 67, 69, 72, 73, 76, 77, 78, 80, 90, 91, 93, 94, 96, 97, 99, 101, 104, 106, 107, 108, 111, 136, 137, 138, 141, 144, 146, 164, 165, 168, 171, 173, 174, 175, 176, 177, 179, 180, 181, 182, 185, 187, 188, 191, 192, 193, 194, 197, 200, 201, 203, 204, 210, 211, 212, 215, 219, 220, 222, 227, 228, 233, 234, 235, 237, 239, 240, 242, 244, 245, 246, 248, 291, 295, 296, 299, 300, 301, 306, 309, 310, 312, 315, 316, 318, 319, 325, 326, 327, 330, 335, 336, 341, 342, 343, 345, 347, 348, 350, 352, 353, 354, 357, 359, 361, 363, 365, 367, 417, 419, 422, 423, 426, 427, 430, 432, 435, 436, 439, 441, 443, 445, 447, 468, 470, 471, 474, 475, 476, 478, 480, 488, 489, 491, 494, 499, 500, 501, 503, 504, 505, 506, 507, 508, 509, 511, 513, 515, 517, 519, 526, 527, 528, 529, 530, 531, 533, 535, 537, 539, 541, 543, 545, 547, 549, 551, 553, 555, 557, 559, 561, 563, 565, 567, 570, 572, 574, 576, 578, 580, 582, 584, 586, 588, 590, 592, 594, 596, 598, 600, 603, 605, 607, 609, 611, 613, 615, 628, 629, 631, 644, 645, 649, 656, 66
[...]
, 66, 77, 78, 79, 80, 82, 83, 84, 85, 86, 88, 90, 92, 94, 96, 98, 113, 114, 115, 116, 117, 118, 119, 120, 121, 122, 123, 125, 127, 128], "summary": {"covered_lines": 54, "num_statements": 54, "percent_covered": 100.0, "percent_covered_display": "100.0", "missing_lines": 0, "excluded_lines": 0, "num_branches": 10, "num_partial_branches": 0, "covered_branches": 10, "missing_branches": 0}, "missing_lines": [], "excluded_lines": [], "executed_branches": [[60, 61], [60, 64], [62, 60], [62, 63], [78, 79], [78, 88], [113, 114], [113, 123], [116, 117], [116, 123]], "missing_branches": []}, "tactus/testing/steps/registry.py": {"executed_lines": [1, 5, 6, 7, 9, 12, 13, 20, 21, 22, 24, 33, 34, 35, 36, 37, 38, 39, 40, 42, 52, 53, 54, 56, 58, 60, 62, 64, 66, 67], "summary": {"covered_lines": 28, "num_statements": 28, "percent_covered": 100.0, "percent_covered_display": "100.0", "missing_lines": 0, "excluded_lines": 0, "num_branches": 4, "num_partial_branches": 0, "covered_branches": 4, "missing_branches": 0}, "missing_lines": [], "excluded_lines": [], "executed_branches": [[52, 53], [52, 58], [54, 52], [54, 56]], "missing_branches": []}, "tactus/testing/test_runner.py": {"executed_lines": [1, 7, 8, 9, 10, 11, 12, 13, 14, 15, 17, 24, 25, 26, 27, 28, 30, 33, 36, 37, 44, 53, 54, 56, 57, 58, 59, 60, 61, 62, 63, 64, 65, 66, 69, 71, 80, 81, 82, 85, 86, 89, 103, 105, 106, 108, 110, 121, 122, 125, 126, 127, 128, 129, 132, 135, 136, 137, 142, 147, 150, 152, 153, 166, 168, 169, 170, 173, 175, 178, 192, 194, 196, 198, 199, 200, 202, 204, 214, 216, 223, 225, 226, 227, 237, 238, 239, 240, 243, 244, 245, 247, 248, 249, 250, 251, 252, 253, 254, 256, 257, 258, 261, 262, 263, 264, 265, 266, 267, 269, 270, 271, 272, 273, 276, 284, 285, 286, 287, 288, 290, 291, 293, 294, 295, 298, 299, 300, 301, 302, 304, 315, 318, 322, 323, 324, 325, 326, 329, 331, 345, 346, 348, 349, 350, 363, 364, 365, 367, 368, 369, 370, 372, 386, 388, 389, 392, 393, 394, 397, 399, 408, 410, 411, 414, 415, 418, 419, 420, 421, 424, 425, 426, 427, 428, 430, 443, 452, 453, 456, 460, 463, 469, 470, 471, 476, 477, 479, 480, 481, 482, 485, 488, 489, 491, 492, 493, 494, 495], "summary": {"covered_lines": 197, "num_statements": 197, "percent_covered": 100.0, "percent_covered_display": "100.0", "missing_lines": 0, "excluded_lines": 0, "num_branches": 100, "num_partial_branches": 0, "covered_branches": 100, "missing_branches": 0}, "missing_lines": [], "excluded_lines": [], "executed_branches": [[53, 54], [53, 56], [80, 81], [80, 85], [81, 82], [81, 85], [121, 122], [121, 125], [126, 127], [126, 132], [127, -127], [127, 127], [127, 128], [128, 129], [128, 132], [132, 135], [132, 142], [136, 137], [136, 147], [137, -137], [137, 136], [137, 137], [142, -142], [142, 142], [142, 147], [153, 152], [153, 290], [199, 200], [199, 202], [214, 216], [214, 223], [226, 227], [226, 237], [237, 238], [237, 261], [237, 284], [239, 240], [239, 243], [248, 237], [248, 249], [250, 248], [250, 251], [253, 254], [253, 256], [262, 263], [262, 276], [263, 262], [263, 264], [266, 263], [266, 267], [284, 285], [284, 286], [291, 290], [291, 345], [294, 295], [294, 315], [299, 300], [299, 301], [300, -300], [300, 300], [300, 304], [301, 302], [301, 304], [315, -315], [315, 315], [315, 318], [318, -318], [318, 318], [318, 322], [346, 345], [346, 386], [349, 350], [349, 363], [388, 389], [388, 392], [392, -392], [392, 392], [392, 393], [393, -393], [393, 393], [393, 394], [397, -397], [397, 397], [397, 399], [410, -410], [410, 410], [410, 411], [411, -411], [411, 411], [411, 414], [415, -415], [415, 415], [415, 418], [418, -418], [418, 418], [418, 419], [419, -419], [419, 419], [419, 420], [420, -420], [420, 420], [420, 421], [421, -421], [421, 421], [421, 424], [425, 426], [425, 428], [426, 425], [426, 427], [456, 460], [456, 476], [463, -463], [463, 463], [463, 469], [469, 470], [469, 476], [488, -443], [488, 489]], "missing_branches": []}, "tactus/tracing/__init__.py": {"executed_lines": [1, 3, 5], "summary": {"covered_lines": 2, "num_statements": 2, "percent_covered": 100.0, "percent_covered_display": "100.0", "missing_lines": 0, "excluded_lines": 0, "num_branches": 0, "num_partial_branches": 0, "covered_branches": 0, "missing_branches": 0}, "missing_lines": [], "excluded_lines": [], "executed_branches": [], "missing_branches": []}, "tactus/tracing/trace_manager.py": {"executed_lines": [1, 7, 8, 9, 11, 12, 14, 17, 18, 29, 36, 37, 41, 54, 56, 58, 59, 61, 63, 76, 77, 79, 94, 96, 98, 99, 103, 105, 119, 121, 123, 124, 126, 130, 142, 144, 146, 157, 158, 161, 164, 166, 168, 175, 183, 185, 195, 197, 198, 199, 204, 206, 214, 217, 221, 238, 240, 243, 244, 245, 249, 251, 253, 264, 266, 268, 270, 281, 283, 284, 286, 303, 304, 313, 314, 315, 318, 319, 329, 330, 331, 341, 342, 350, 352, 366, 368, 370, 371, 373, 375, 377, 387, 389, 392, 393, 395, 396, 397, 398, 401, 402, 404, 406], "summary": {"covered_lines": 99, "num_statements": 99, "percent_covered": 100.0, "percent_covered_display": "100.0", "missing_lines": 0, "excluded_lines": 3, "num_branches": 36, "num_partial_branches": 0, "covered_branches": 36, "missing_branches": 0}, "missing_lines": [], "excluded_lines": [183, 204, 217], "executed_branches": [[58, 59], [58, 61], [98, 99], [98, 103], [123, 124], [123, 126], [243, 244], [243, 251], [244, 243], [244, 245], [245, 243], [245, 245], [245, 249], [268, -268], [268, -253], [268, 268], [303, 304], [303, 313], [313, 314], [313, 350], [318, 319], [318, 329], [329, 330], [329, 341], [330, 331], [330, 341], [341, 313], [341, 342], [370, 371], [370, 375], [395, 396], [395, 401], [397, 395], [397, 398], [401, 402], [401, 404], [406, -406], [406, -377], [406, 406]], "missing_branches": []}, "tactus/utils/__init__.py": {"executed_lines": [1], "summary": {"covered_lines": 0, "num_statements": 0, "percent_covered": 100.0, "percent_covered_display": "100.0", "missing_lines": 0, "excluded_lines": 0, "num_branches": 0, "num_partial_branches": 0, "covered_branches": 0, "missing_branches": 0}, "missing_lines": [], "excluded_lines": [], "executed_branches": [], "missing_branches": []}, "tactus/utils/cost_calculator.py": {"executed_lines": [1, 7, 8, 11, 12, 18, 47, 50, 53, 54, 57, 58, 60, 62, 64], "summary": {"covered_lines": 13, "num_statements": 13, "percent_covered": 100.0, "percent_covered_display": "100.0", "missing_lines": 0, "excluded_lines": 0, "num_branches": 2, "num_partial_branches": 0, "covered_branches": 2, "missing_branches": 0}, "missing_lines": [], "excluded_lines": [], "executed_branches": [[58, 60], [58, 62]], "missing_branches": []}, "tactus/utils/model_pricing.py": {"executed_lines": [1, 8, 11, 57, 60, 77, 78, 81, 82, 83, 84, 87, 88, 91, 92, 93, 94, 95, 96, 99, 102, 113, 116, 117, 119, 120, 123, 124, 125, 126, 127, 128, 131], "summary": {"covered_lines": 32, "num_statements": 32, "percent_covered": 100.0, "percent_covered_display": "100.0", "missing_lines": 0, "excluded_lines": 0, "num_branches": 18, "num_partial_branches": 0, "covered_branches": 18, "missing_branches": 0}, "missing_lines": [], "excluded_lines": [], "executed_branches": [[77, 78], [77, 81], [81, 82], [81, 87], [87, 88], [87, 91], [91, 92], [91, 93], [93, 94], [93, 95], [95, 96], [95, 99], [119, 120], [119, 123], [124, 125], [124, 131], [127, 128], [127, 131]], "missing_branches": []}, "tactus/utils/safe_file_library.py": {"executed_lines": [1, 16, 17, 18, 19, 20, 22, 25, 26, 28, 35, 37, 51, 55, 58, 60, 63, 73, 75, 77, 78, 79, 81, 83, 85, 86, 87, 88, 89, 91, 93, 94, 95, 96, 97, 99, 102, 103, 110, 111, 113, 115, 117, 118, 119, 120, 122, 124, 125, 126, 128, 129, 131, 132, 134, 136, 138, 140, 141, 142, 145, 155, 157, 159, 160, 161, 162, 164, 166, 169, 170, 171, 172, 175, 176, 179, 180, 182, 184, 185, 186, 187, 188, 190, 193, 194, 195, 197, 198, 199, 200, 202, 203, 204, 206, 209, 219, 221, 223, 224, 225, 226, 228, 230, 233, 234, 235, 236, 239, 240, 243, 244, 246, 247, 248, 249, 250, 251, 253, 256, 257, 258, 260, 261, 266, 267, 268, 269, 270, 272, 275, 285, 287, 289, 290, 291, 293, 295, 298, 299, 300, 301, 304, 307, 308, 309, 311, 312, 314, 317, 327, 328, 330, 332, 334, 335, 336, 338, 340, 343, 346, 347, 348, 350, 351, 353, 356, 366, 367, 369, 371, 373, 374, 375, 377, 379, 382, 385, 386, 387, 389, 390, 391, 392, 394, 396, 397, 398, 400, 401, 402, 404, 405, 407, 410, 420, 422, 424, 426, 429, 430, 431, 432, 434, 435, 437, 438, 439, 442, 446, 447, 449, 451, 454, 455, 456, 457, 460, 463, 464, 465, 467, 468, 469, 471, 472, 473, 474, 475, 477, 479, 481, 482, 483, 485, 488, 499, 501, 502, 504, 505, 506, 508, 510, 511, 512, 514, 515, 516, 517, 518, 520, 521, 523, 524, 526], "summary": {"covered_lines": 253, "num_statements": 253, "percent_covered": 100.0, "percent_covered_display": "100.0", "missing_lines": 0, "excluded_lines": 0, "num_branches": 127, "num_partial_branches": 0, "covered_branches": 127, "missing_branches": 0}, "missing_lines": [], "excluded_lines": [], "executed_branches": [[55, 55], [55, 58], [55, 60], [78, -75], [78, 79], [86, 87], [86, 88], [88, -81], [88, 89], [115, 117], [115, 124], [117, 118], [117, 119], [119, 120], [119, 122], [124, 125], [124, 126], [140, 141], [140, 142], [160, -157], [160, 161], [169, 170], [169, 171], [175, 176], [175, 179], [179, 180], [179, 182], [182, 184], [182, 193], [185, 186], [185, 187], [187, 188], [187, 190], [194, 195], [194, 197], [197, -164], [197, 198], [200, 197], [200, 202], [202, 203], [202, 204], [224, -221], [224, 225], [233, 234], [233, 235], [239, 240], [239, 243], [243, 244], [243, 246], [246, 247], [246, 256], [248, 249], [248, 250], [250, 251], [250, 253], [257, 258], [257, 260], [260, -228], [260, 261], [267, 260], [267, 268], [268, 269], [268, 270], [290, -287], [290, 291], [298, 299], [298, 300], [308, 309], [308, 311], [311, -293], [311, 312], [347, 348], [347, 350], [374, -371], [374, 375], [386, 387], [386, 389], [389, -377], [389, 390], [390, 391], [390, 392], [398, 400], [398, 405], [401, -400], [401, 402], [429, 430], [429, 431], [438, 439], [438, 442], [442, -442], [442, 442], [442, 446], [447, -447], [447, -424], [447, 447], [454, 455], [454, 456], [464, 465], [464, 467], [471, 472], [471, 477], [474, 475], [474, 477], [475, -475], [475, 474], [475, 475], [499, 501], [499, 514], [504, -504], [504, 504], [504, 505], [504, 510], [505, -505], [505, 505], [505, 506], [506, 508], [506, 510], [508, -508], [508, -488], [508, 508], [510, -510], [510, -488], [510, 510], [514, 515], [514, 520], [516, -516], [516, -488], [516, 516], [516, 517], [520, 521], [520, 523], [521, -521], [521, -488], [521, 521], [523, 524], [523, 526], [524, -524], [524, -488], [524, 524]], "missing_branches": []}, "tactus/utils/safe_libraries.py": {"executed_lines": [1, 9, 10, 11, 12, 13, 14, 15, 18, 19, 21, 24, 25, 27, 30, 42, 43, 44, 46, 49, 50, 53, 55, 56, 80, 82, 83, 86, 88, 90, 92, 95, 107, 108, 117, 119, 120, 122, 125, 127, 128, 130, 131, 134, 168, 180, 181, 183, 184, 189, 191, 192, 194, 196, 198, 199, 201, 204, 205, 206, 207, 209, 210, 212, 214, 215, 217, 219, 221, 222, 224, 226, 228], "summary": {"covered_lines": 70, "num_statements": 70, "percent_covered": 100.0, "percent_covered_display": "100.0", "missing_lines": 0, "excluded_lines": 0, "num_branches": 32, "num_partial_branches": 0, "covered_branches": 32, "missing_branches": 0}, "missing_lines": [], "excluded_lines": [], "executed_branches": [[44, 43], [44, 90], [49, 50], [49, 53], [55, 56], [55, 88], [82, 83], [82, 86], [108, 107], [108, 127], [117, 119], [117, 120], [120, 122], [120, 125], [128, 127], [128, 134], [181, 180], [181, 191], [183, 184], [183, 189], [192, 191], [192, 209], [196, 198], [196, 199], [199, 201], [199, 204], [210, 209], [210, 214], [215, 214], [215, 221], [222, 221], [222, 228]], "missing_branches": []}, "tactus/validation/__init__.py": {"executed_lines": [1, 5, 7], "summary": {"covered_lines": 2, "num_statements": 2, "percent_covered": 100.0, "percent_covered_display": "100.0", "missing_lines": 0, "excluded_lines": 0, "num_branches": 0, "num_partial_branches": 0, "covered_branches": 0, "missing_branches": 0}, "missing_lines": [], "excluded_lines": [], "executed_branches": [], "missing_branches": []}, "tactus/validation/error_listener.py": {"executed_lines": [1, 5, 6, 9, 10, 12, 13, 15, 17, 27, 28], "summary": {"covered_lines": 9, "num_statements": 9, "percent_covered": 100.0, "percent_covered_display": "100.0", "missing_lines": 0, "excluded_lines": 0, "num_branches": 0, "num_partial_branches": 0, "covered_branches": 0, "missing_branches": 0}, "missing_lines": [], "excluded_lines": [], "executed_branches": [], "missing_branches": []}, "tactus/validation/semantic_visitor.py": {"executed_lines": [1, 8, 9, 10, 12, 13, 14, 16, 19, 20, 25, 53, 54, 55, 56, 57, 58, 59, 61, 69, 81, 84, 85, 86, 87, 90, 91, 93, 96, 98, 99, 102, 103, 104, 105, 108, 118, 120, 121, 122, 124, 128, 129, 130, 135, 137, 142, 143, 144, 145, 146, 152, 154, 156, 158, 159, 160, 161, 164, 169, 171, 172, 178, 185, 190, 192, 193, 197, 200, 208, 210, 211, 212, 215, 216, 217, 219, 221, 223, 225, 226, 227, 230, 232, 237, 239, 241, 242, 243, 244, 252, 253, 255, 257, 264, 267, 268, 277, 280, 281, 289, 293, 294, 296, 297, 298, 300, 302, 303, 305, 308, 309, 311, 312, 314, 315, 316, 317, 318, 319, 321, 326, 327, 330, 331, 332, 333, 334, 335, 338, 339, 340, 341, 344, 345, 348, 350, 356, 357, 358, 360, 361, 362, 365, 366, 368, 369, 371, 372, 374, 376, 378, 380, 381, 382, 383, 384, 385, 386, 388, 389, 391, 394, 396, 399, 410, 413, 421, 422, 424, 427, 429, 430, 431, 433, 434, 435, 437, 438, 444, 447, 450, 451, 452, 456, 457, 458, 460, 461, 468, 472, 481, 483, 484, 487, 488, 491, 492, 493, 494, 495, 496, 497, 498, 502, 507, 508, 509, 511, 514, 515, 516, 520, 522, 523, 524, 526, 527, 528, 532, 537, 538, 542, 544, 545, 546, 547, 549, 550, 553, 554, 555, 556, 557, 558, 559, 560, 561, 562, 563, 564, 565, 566, 567, 568, 569, 570, 571, 572, 573, 574, 575, 576, 577, 579, 584, 585, 587, 592, 593, 596, 601, 602, 609, 612, 614, 615, 616, 622, 624, 632, 637, 638, 639, 644, 645, 652, 653, 654, 656, 657, 658, 661, 662, 664, 665, 666, 667, 670, 672, 675, 677, 679, 681, 682, 683, 685, 686, 688, 689, 690, 692, 693, 695, 697, 699, 700, 703, 704, 705, 706, 709, 710, 713, 716, 718, 719, 720, 721, 722, 723, 724, 725, 726, 727, 728, 730, 733, 734, 735, 736, 737, 738, 739, 740, 741, 742, 743, 744, 747, 749, 751, 752, 755, 756, 757, 758, 759, 760, 762, 764, 766, 769, 771, 772, 774, 775, 776, 777, 778, 779, 780, 782, 783, 784, 785, 786, 787, 789, 791, 793, 794, 796, 798, 800, 801, 803, 805, 806, 810, 817, 819, 825, 837, 838, 841, 842, 844, 845, 848, 849, 852, 854, 855, 857, 859, 861, 864, 865, 866, 867, 870, 871, 872, 873, 876, 877, 878, 879, 880, 882], "summary": {"covered_lines": 409, "num_statements": 409, "percent_covered": 100.0, "percent_covered_display": "100.0", "missing_lines": 0, "excluded_lines": 0, "num_branches": 313, "num_partial_branches": 0, "covered_branches": 313, "missing_branches": 0}, "missing_lines": [], "excluded_lines": [], "executed_branches": [[96, 98], [96, 135], [102, 103], [102, 135], [104, 105], [104, 135], [118, 120], [118, 128], [120, 121], [120, 135], [128, 129], [128, 135], [142, -137], [142, 143], [144, -137], [144, 145], [154, 156], [154, 169], [158, 159], [158, 164], [160, 161], [160, 164], [161, -161], [161, 161], [161, 164], [169, 171], [169, 190], [172, 172], [172, 178], [172, 185], [190, 192], [190, 197], [197, -137], [197, 200], [211, 212], [211, 215], [216, 217], [216, 219], [225, 226], [225, 230], [239, 241], [239, 255], [267, 268], [267, 277], [277, -257], [277, 280], [280, -257], [280, 281], [293, 294], [293, 296], [302, 303], [302, 305], [308, 309], [308, 330], [311, 312], [311, 318], [314, 315], [314, 316], [316, 317], [316, 330], [318, 319], [318, 330], [321, 321], [321, 326], [321, 327], [330, 331], [330, 338], [332, 333], [332, 334], [334, 335], [334, 338], [338, 339], [338, 340], [340, 341], [340, 344], [344, 345], [344, 348], [356, 357], [356, 365], [358, 356], [358, 360], [361, 356], [361, 362], [365, 366], [365, 374], [368, 369], [368, 374], [371, 372], [371, 374], [380, 381], [380, 383], [381, -376], [381, 382], [383, 384], [383, 386], [384, -376], [384, 385], [386, 388], [386, 421], [388, 389], [388, 391], [391, -376], [391, 391], [391, 394], [396, 399], [396, 410], [410, -376], [410, 413], [421, 422], [421, 438], [422, -376], [422, 424], [424, 427], [424, 431], [431, 433], [431, 435], [435, -376], [435, 437], [438, 444], [438, 493], [444, -376], [444, 447], [447, 450], [447, 452], [452, 456], [452, 458], [458, 460], [458, 468], [481, -376], [481, 483], [483, 484], [483, 487], [487, 488], [487, 491], [491, -376], [491, 492], [493, 494], [493, 496], [494, -376], [494, 495], [496, 497], [496, 502], [497, -376], [497, 498], [502, 507], [502, 520], [507, 508], [507, 515], [509, 511], [509, 514], [515, -376], [515, 516], [520, 522], [520, 524], [522, -376], [522, 523], [524, 526], [524, 528], [526, -376], [526, 527], [528, 532], [528, 547], [532, 532], [532, 537], [532, 545], [538, -538], [538, 538], [538, 542], [538, 544], [545, -376], [545, 546], [547, 549], [547, 553], [549, -376], [549, 550], [553, 554], [553, 556], [554, -376], [554, 555], [556, 557], [556, 559], [557, -376], [557, 558], [559, 560], [559, 562], [560, -376], [560, 561], [562, 563], [562, 565], [563, -376], [563, 564], [565, 566], [565, 568], [566, -376], [566, 567], [568, 569], [568, 571], [569, -376], [569, 570], [571, 572], [571, 574], [572, -376], [572, 573], [574, 575], [574, 577], [575, -376], [575, 576], [577, 579], [577, 585], [579, -376], [579, 579], [579, 584], [585, 587], [585, 593], [587, -376], [587, 587], [587, 592], [593, 596], [593, 609], [596, -376], [596, 596], [596, 601], [609, -376], [609, 612], [612, -376], [612, 614], [614, -376], [614, 615], [638, 639], [638, 644], [645, 652], [645, 670], [653, 654], [653, 670], [656, 657], [656, 658], [658, 661], [658, 662], [662, 653], [662, 664], [665, 653], [665, 666], [670, 672], [670, 675], [677, 679], [677, 695], [679, 681], [679, 686], [682, 677], [682, 683], [686, 688], [686, 690], [690, 677], [690, 692], [699, 700], [699, 703], [704, 705], [704, 733], [706, -706], [706, 706], [706, 709], [709, 710], [709, 733], [716, 718], [716, 730], [719, 720], [719, 730], [721, 722], [721, 730], [723, 724], [723, 725], [725, 726], [725, 727], [727, 728], [727, 730], [733, 734], [733, 735], [735, 736], [735, 737], [737, 738], [737, 739], [739, 740], [739, 741], [741, 742], [741, 743], [743, 744], [743, 747], [751, 752], [751, 755], [755, 756], [755, 757], [757, 758], [757, 759], [759, 760], [759, 762], [769, 771], [769, 772], [772, 774], [772, 780], [780, 782], [780, 789], [796, 798], [796, 800], [801, 803], [801, 848], [803, 805], [803, 838], [810, 810], [810, 817], [810, 837], [819, 819], [819, 825], [819, 837], [838, 841], [838, 842], [842, 801], [842, 844], [848, 849], [848, 852], [852, 854], [852, 857], [854, 855], [854, 857], [876, 877], [876, 882]], "missing_branches": []}, "tactus/validation/validator.py": {"executed_lines": [1, 10, 11, 12, 14, 15, 16, 17, 18, 19, 21, 24, 25, 27, 28, 31, 32, 39, 43, 44, 45, 46, 48, 54, 61, 67, 74, 89, 90, 91, 93, 95, 98, 99, 100, 103, 106, 107, 114, 115, 118, 119, 122, 123, 126, 127, 128, 129, 130, 136, 142, 143, 148, 154, 160, 175, 176, 177, 178, 179, 180, 188, 189], "summary": {"covered_lines": 60, "num_statements": 60, "percent_covered": 100.0, "percent_covered_display": "100.0", "missing_lines": 0, "excluded_lines": 0, "num_branches": 10, "num_partial_branches": 0, "covered_branches": 10, "missing_branches": 0}, "missing_lines": [], "excluded_lines": [], "executed_branches": [[106, 107], [106, 114], [114, 115], [114, 118], [126, 127], [126, 136], [176, 177], [176, 178], [176, 179], [179, 180], [179, 188]], "missing_branches": []}}, "totals": {"covered_lines": 20439, "num_statements": 20439, "percent_covered": 100.0, "percent_covered_display": "100.0", "missing_lines": 0, "excluded_lines": 219, "num_branches": 8094, "num_partial_branches": 0, "covered_branches": 8094, "missing_branches": 0}}